<?xml version="1.0" encoding="UTF-8"?>
<testng-results ignored="6" total="8" passed="2" failed="0" skipped="0">
  <reporter-output>
  </reporter-output>
  <suite started-at="2023-06-17T19:12:47 EET" name="Suite" finished-at="2023-06-17T19:13:33 EET" duration-ms="46397">
    <groups>
    </groups>
    <test started-at="2023-06-17T19:12:47 EET" name="Test" finished-at="2023-06-17T19:13:33 EET" duration-ms="46397">
      <class name="tests.LogInTestCases">
        <test-method is-config="true" signature="setup(java.lang.String)[pri:0, instance:tests.LogInTestCases@13fd2ccd]" started-at="2023-06-17T19:12:47 EET" name="setup" finished-at="2023-06-17T19:12:49 EET" duration-ms="2464" status="PASS">
          <params>
            <param index="0">
              <value>
                <![CDATA[chrome]]>
              </value>
            </param>
          </params>
          <reporter-output>
          </reporter-output>
        </test-method> <!-- setup -->
        <test-method signature="validLogIn()[pri:0, instance:tests.LogInTestCases@13fd2ccd]" started-at="2023-06-17T19:12:49 EET" name="validLogIn" finished-at="2023-06-17T19:12:55 EET" duration-ms="6385" status="PASS">
          <reporter-output>
          </reporter-output>
        </test-method> <!-- validLogIn -->
        <test-method is-config="true" signature="tear_down()[pri:0, instance:tests.LogInTestCases@13fd2ccd]" started-at="2023-06-17T19:12:55 EET" name="tear_down" finished-at="2023-06-17T19:13:12 EET" duration-ms="16265" status="PASS">
          <reporter-output>
          </reporter-output>
        </test-method> <!-- tear_down -->
        <test-method is-config="true" signature="setup(java.lang.String)[pri:0, instance:tests.LogInTestCases@13fd2ccd]" started-at="2023-06-17T19:13:12 EET" name="setup" finished-at="2023-06-17T19:13:13 EET" duration-ms="1218" status="PASS">
          <params>
            <param index="0">
              <value>
                <![CDATA[chrome]]>
              </value>
            </param>
          </params>
          <reporter-output>
          </reporter-output>
        </test-method> <!-- setup -->
        <test-method signature="invalidLogIn_wrongCredintials()[pri:0, instance:tests.LogInTestCases@13fd2ccd]" started-at="2023-06-17T19:13:13 EET" name="invalidLogIn_wrongCredintials" finished-at="2023-06-17T19:13:17 EET" duration-ms="3785" status="PASS">
          <reporter-output>
          </reporter-output>
        </test-method> <!-- invalidLogIn_wrongCredintials -->
        <test-method is-config="true" signature="tear_down()[pri:0, instance:tests.LogInTestCases@13fd2ccd]" started-at="2023-06-17T19:13:17 EET" name="tear_down" finished-at="2023-06-17T19:13:33 EET" duration-ms="16255" status="PASS">
          <reporter-output>
          </reporter-output>
        </test-method> <!-- tear_down -->
      </class> <!-- tests.LogInTestCases -->
    </test> <!-- Test -->
  </suite> <!-- Suite -->
</testng-results>
