<?xml version="1.0" encoding="UTF-8"?>
<testsuite xmlns:xsi="http://www.w3.org/2001/XMLSchema-instance" xsi:noNamespaceSchemaLocation="https://maven.apache.org/surefire/maven-surefire-plugin/xsd/surefire-test-report-3.0.xsd" version="3.0" name="TestSuite" time="144.235" tests="10" errors="0" skipped="0" failures="0">
  <properties>
[...]
</properties>
  <testcase name="successfulRegister" classname="tests.RegisterTestCases" time="5.206">
    <system-out><![CDATA[2023-05-31 14:52:17 DEBUG io.netty.util.internal.logging.InternalLoggerFactory.useLog4J2LoggerFactory(InternalLoggerFactory.java:76):76 - Using Log4J2 as the default logging framework
2023-05-31 14:52:17 DEBUG io.netty.util.ResourceLeakDetector.<clinit>(ResourceLeakDetector.java:129):129 - -Dio.netty.leakDetection.level: simple
2023-05-31 14:52:17 DEBUG io.netty.util.ResourceLeakDetector.<clinit>(ResourceLeakDetector.java:130):130 - -Dio.netty.leakDetection.targetRecords: 4
2023-05-31 14:52:17 DEBUG io.netty.util.ResourceLeakDetectorFactory$DefaultResourceLeakDetectorFactory.newResourceLeakDetector(ResourceLeakDetectorFactory.java:196):196 - Loaded default ResourceLeakDetector: io.netty.util.ResourceLeakDetector@6aadb092
2023-05-31 14:52:17 DEBUG io.netty.util.internal.PlatformDependent0.explicitNoUnsafeCause0(PlatformDependent0.java:496):496 - -Dio.netty.noUnsafe: false
2023-05-31 14:52:17 DEBUG io.netty.util.internal.PlatformDependent0.javaVersion0(PlatformDependent0.java:1000):1000 - Java version: 17
2023-05-31 14:52:17 DEBUG io.netty.util.internal.PlatformDependent0.<clinit>(PlatformDependent0.java:137):137 - sun.misc.Unsafe.theUnsafe: available
2023-05-31 14:52:17 DEBUG io.netty.util.internal.PlatformDependent0.<clinit>(PlatformDependent0.java:161):161 - sun.misc.Unsafe.copyMemory: available
2023-05-31 14:52:17 DEBUG io.netty.util.internal.PlatformDependent0.<clinit>(PlatformDependent0.java:193):193 - sun.misc.Unsafe.storeFence: available
2023-05-31 14:52:17 DEBUG io.netty.util.internal.PlatformDependent0.<clinit>(PlatformDependent0.java:236):236 - java.nio.Buffer.address: available
2023-05-31 14:52:17 DEBUG io.netty.util.internal.PlatformDependent0.<clinit>(PlatformDependent0.java:317):317 - direct buffer constructor: unavailable
java.lang.UnsupportedOperationException: Reflective setAccessible(true) disabled
	at io.netty.util.internal.ReflectionUtil.trySetAccessible(ReflectionUtil.java:31) ~[netty-common-4.1.87.Final.jar:4.1.87.Final]
	at io.netty.util.internal.PlatformDependent0$5.run(PlatformDependent0.java:288) ~[netty-common-4.1.87.Final.jar:4.1.87.Final]
	at java.security.AccessController.doPrivileged(AccessController.java:318) ~[?:?]
	at io.netty.util.internal.PlatformDependent0.<clinit>(PlatformDependent0.java:282) [netty-common-4.1.87.Final.jar:4.1.87.Final]
	at io.netty.util.internal.PlatformDependent.isAndroid(PlatformDependent.java:333) [netty-common-4.1.87.Final.jar:4.1.87.Final]
	at io.netty.util.internal.PlatformDependent.<clinit>(PlatformDependent.java:88) [netty-common-4.1.87.Final.jar:4.1.87.Final]
	at io.netty.util.HashedWheelTimer.<init>(HashedWheelTimer.java:114) [netty-common-4.1.87.Final.jar:4.1.87.Final]
	at io.netty.util.HashedWheelTimer.<init>(HashedWheelTimer.java:251) [netty-common-4.1.87.Final.jar:4.1.87.Final]
	at io.netty.util.HashedWheelTimer.<init>(HashedWheelTimer.java:224) [netty-common-4.1.87.Final.jar:4.1.87.Final]
	at io.netty.util.HashedWheelTimer.<init>(HashedWheelTimer.java:203) [netty-common-4.1.87.Final.jar:4.1.87.Final]
	at org.asynchttpclient.DefaultAsyncHttpClient.newNettyTimer(DefaultAsyncHttpClient.java:111) [async-http-client-2.12.3.jar:?]
	at org.asynchttpclient.DefaultAsyncHttpClient.<init>(DefaultAsyncHttpClient.java:90) [async-http-client-2.12.3.jar:?]
	at org.asynchttpclient.Dsl.asyncHttpClient(Dsl.java:32) [async-http-client-2.12.3.jar:?]
	at org.openqa.selenium.remote.http.netty.NettyClient.createHttpClient(NettyClient.java:94) [selenium-remote-driver-4.8.1.jar:?]
	at org.openqa.selenium.remote.http.netty.NettyClient.<clinit>(NettyClient.java:47) [selenium-remote-driver-4.8.1.jar:?]
	at org.openqa.selenium.remote.http.netty.NettyClient$Factory.createClient(NettyClient.java:135) [selenium-remote-driver-4.8.1.jar:?]
	at org.openqa.selenium.remote.HttpCommandExecutor.<init>(HttpCommandExecutor.java:107) [selenium-remote-driver-4.8.1.jar:?]
	at org.openqa.selenium.remote.HttpCommandExecutor.<init>(HttpCommandExecutor.java:94) [selenium-remote-driver-4.8.1.jar:?]
	at org.openqa.selenium.remote.HttpCommandExecutor.<init>(HttpCommandExecutor.java:85) [selenium-remote-driver-4.8.1.jar:?]
	at org.openqa.selenium.remote.service.DriverCommandExecutor.<init>(DriverCommandExecutor.java:80) [selenium-remote-driver-4.8.1.jar:?]
	at org.openqa.selenium.chromium.ChromiumDriverCommandExecutor.<init>(ChromiumDriverCommandExecutor.java:35) [selenium-chromium-driver-4.8.1.jar:?]
	at org.openqa.selenium.chrome.ChromeDriver$ChromeDriverCommandExecutor.<init>(ChromeDriver.java:94) [selenium-chrome-driver-4.8.1.jar:?]
	at org.openqa.selenium.chrome.ChromeDriver.<init>(ChromeDriver.java:82) [selenium-chrome-driver-4.8.1.jar:?]
	at org.openqa.selenium.chrome.ChromeDriver.<init>(ChromeDriver.java:71) [selenium-chrome-driver-4.8.1.jar:?]
	at base.SetupDriver.setup(SetupDriver.java:43) [classes/:?]
	at jdk.internal.reflect.NativeMethodAccessorImpl.invoke0(Native Method) ~[?:?]
	at jdk.internal.reflect.NativeMethodAccessorImpl.invoke(NativeMethodAccessorImpl.java:77) ~[?:?]
	at jdk.internal.reflect.DelegatingMethodAccessorImpl.invoke(DelegatingMethodAccessorImpl.java:43) ~[?:?]
	at java.lang.reflect.Method.invoke(Method.java:568) ~[?:?]
	at org.testng.internal.invokers.MethodInvocationHelper.invokeMethod(MethodInvocationHelper.java:139) [testng-7.7.1.jar:7.7.1]
	at org.testng.internal.invokers.MethodInvocationHelper.invokeMethodConsideringTimeout(MethodInvocationHelper.java:69) [testng-7.7.1.jar:7.7.1]
	at org.testng.internal.invokers.ConfigInvoker.invokeConfigurationMethod(ConfigInvoker.java:361) [testng-7.7.1.jar:7.7.1]
	at org.testng.internal.invokers.ConfigInvoker.invokeConfigurations(ConfigInvoker.java:296) [testng-7.7.1.jar:7.7.1]
	at org.testng.internal.invokers.TestInvoker.runConfigMethods(TestInvoker.java:823) [testng-7.7.1.jar:7.7.1]
	at org.testng.internal.invokers.TestInvoker.invokeMethod(TestInvoker.java:590) [testng-7.7.1.jar:7.7.1]
	at org.testng.internal.invokers.TestInvoker.invokeTestMethod(TestInvoker.java:221) [testng-7.7.1.jar:7.7.1]
	at org.testng.internal.invokers.MethodRunner.runInSequence(MethodRunner.java:50) [testng-7.7.1.jar:7.7.1]
	at org.testng.internal.invokers.TestInvoker$MethodInvocationAgent.invoke(TestInvoker.java:969) [testng-7.7.1.jar:7.7.1]
	at org.testng.internal.invokers.TestInvoker.invokeTestMethods(TestInvoker.java:194) [testng-7.7.1.jar:7.7.1]
	at org.testng.internal.invokers.TestMethodWorker.invokeTestMethods(TestMethodWorker.java:148) [testng-7.7.1.jar:7.7.1]
	at org.testng.internal.invokers.TestMethodWorker.run(TestMethodWorker.java:128) [testng-7.7.1.jar:7.7.1]
	at java.util.ArrayList.forEach(ArrayList.java:1511) [?:?]
	at org.testng.TestRunner.privateRun(TestRunner.java:829) [testng-7.7.1.jar:7.7.1]
	at org.testng.TestRunner.run(TestRunner.java:602) [testng-7.7.1.jar:7.7.1]
	at org.testng.SuiteRunner.runTest(SuiteRunner.java:437) [testng-7.7.1.jar:7.7.1]
	at org.testng.SuiteRunner.runSequentially(SuiteRunner.java:431) [testng-7.7.1.jar:7.7.1]
	at org.testng.SuiteRunner.privateRun(SuiteRunner.java:391) [testng-7.7.1.jar:7.7.1]
	at org.testng.SuiteRunner.run(SuiteRunner.java:330) [testng-7.7.1.jar:7.7.1]
	at org.testng.SuiteRunnerWorker.runSuite(SuiteRunnerWorker.java:52) [testng-7.7.1.jar:7.7.1]
	at org.testng.SuiteRunnerWorker.run(SuiteRunnerWorker.java:95) [testng-7.7.1.jar:7.7.1]
	at org.testng.TestNG.runSuitesSequentially(TestNG.java:1256) [testng-7.7.1.jar:7.7.1]
	at org.testng.TestNG.runSuitesLocally(TestNG.java:1176) [testng-7.7.1.jar:7.7.1]
	at org.testng.TestNG.runSuites(TestNG.java:1099) [testng-7.7.1.jar:7.7.1]
	at org.testng.TestNG.run(TestNG.java:1067) [testng-7.7.1.jar:7.7.1]
	at org.apache.maven.surefire.testng.TestNGExecutor.run(TestNGExecutor.java:308) [surefire-testng-3.1.0.jar:3.1.0]
	at org.apache.maven.surefire.testng.TestNGXmlTestSuite.execute(TestNGXmlTestSuite.java:71) [surefire-testng-3.1.0.jar:3.1.0]
	at org.apache.maven.surefire.testng.TestNGProvider.invoke(TestNGProvider.java:113) [surefire-testng-3.1.0.jar:3.1.0]
	at org.apache.maven.surefire.booter.ForkedBooter.runSuitesInProcess(ForkedBooter.java:385) [surefire-booter-3.1.0.jar:3.1.0]
	at org.apache.maven.surefire.booter.ForkedBooter.execute(ForkedBooter.java:162) [surefire-booter-3.1.0.jar:3.1.0]
	at org.apache.maven.surefire.booter.ForkedBooter.run(ForkedBooter.java:507) [surefire-booter-3.1.0.jar:3.1.0]
	at org.apache.maven.surefire.booter.ForkedBooter.main(ForkedBooter.java:495) [surefire-booter-3.1.0.jar:3.1.0]
2023-05-31 14:52:17 DEBUG io.netty.util.internal.PlatformDependent0.<clinit>(PlatformDependent0.java:385):385 - java.nio.Bits.unaligned: available, true
2023-05-31 14:52:17 DEBUG io.netty.util.internal.PlatformDependent0.<clinit>(PlatformDependent0.java:449):449 - jdk.internal.misc.Unsafe.allocateUninitializedArray(int): unavailable
java.lang.IllegalAccessException: class io.netty.util.internal.PlatformDependent0$7 cannot access class jdk.internal.misc.Unsafe (in module java.base) because module java.base does not export jdk.internal.misc to unnamed module @793be5ca
	at jdk.internal.reflect.Reflection.newIllegalAccessException(Reflection.java:392) ~[?:?]
	at java.lang.reflect.AccessibleObject.checkAccess(AccessibleObject.java:674) ~[?:?]
	at java.lang.reflect.Method.invoke(Method.java:560) ~[?:?]
	at io.netty.util.internal.PlatformDependent0$7.run(PlatformDependent0.java:410) ~[netty-common-4.1.87.Final.jar:4.1.87.Final]
	at java.security.AccessController.doPrivileged(AccessController.java:318) ~[?:?]
	at io.netty.util.internal.PlatformDependent0.<clinit>(PlatformDependent0.java:401) [netty-common-4.1.87.Final.jar:4.1.87.Final]
	at io.netty.util.internal.PlatformDependent.isAndroid(PlatformDependent.java:333) [netty-common-4.1.87.Final.jar:4.1.87.Final]
	at io.netty.util.internal.PlatformDependent.<clinit>(PlatformDependent.java:88) [netty-common-4.1.87.Final.jar:4.1.87.Final]
	at io.netty.util.HashedWheelTimer.<init>(HashedWheelTimer.java:114) [netty-common-4.1.87.Final.jar:4.1.87.Final]
	at io.netty.util.HashedWheelTimer.<init>(HashedWheelTimer.java:251) [netty-common-4.1.87.Final.jar:4.1.87.Final]
	at io.netty.util.HashedWheelTimer.<init>(HashedWheelTimer.java:224) [netty-common-4.1.87.Final.jar:4.1.87.Final]
	at io.netty.util.HashedWheelTimer.<init>(HashedWheelTimer.java:203) [netty-common-4.1.87.Final.jar:4.1.87.Final]
	at org.asynchttpclient.DefaultAsyncHttpClient.newNettyTimer(DefaultAsyncHttpClient.java:111) [async-http-client-2.12.3.jar:?]
	at org.asynchttpclient.DefaultAsyncHttpClient.<init>(DefaultAsyncHttpClient.java:90) [async-http-client-2.12.3.jar:?]
	at org.asynchttpclient.Dsl.asyncHttpClient(Dsl.java:32) [async-http-client-2.12.3.jar:?]
	at org.openqa.selenium.remote.http.netty.NettyClient.createHttpClient(NettyClient.java:94) [selenium-remote-driver-4.8.1.jar:?]
	at org.openqa.selenium.remote.http.netty.NettyClient.<clinit>(NettyClient.java:47) [selenium-remote-driver-4.8.1.jar:?]
	at org.openqa.selenium.remote.http.netty.NettyClient$Factory.createClient(NettyClient.java:135) [selenium-remote-driver-4.8.1.jar:?]
	at org.openqa.selenium.remote.HttpCommandExecutor.<init>(HttpCommandExecutor.java:107) [selenium-remote-driver-4.8.1.jar:?]
	at org.openqa.selenium.remote.HttpCommandExecutor.<init>(HttpCommandExecutor.java:94) [selenium-remote-driver-4.8.1.jar:?]
	at org.openqa.selenium.remote.HttpCommandExecutor.<init>(HttpCommandExecutor.java:85) [selenium-remote-driver-4.8.1.jar:?]
	at org.openqa.selenium.remote.service.DriverCommandExecutor.<init>(DriverCommandExecutor.java:80) [selenium-remote-driver-4.8.1.jar:?]
	at org.openqa.selenium.chromium.ChromiumDriverCommandExecutor.<init>(ChromiumDriverCommandExecutor.java:35) [selenium-chromium-driver-4.8.1.jar:?]
	at org.openqa.selenium.chrome.ChromeDriver$ChromeDriverCommandExecutor.<init>(ChromeDriver.java:94) [selenium-chrome-driver-4.8.1.jar:?]
	at org.openqa.selenium.chrome.ChromeDriver.<init>(ChromeDriver.java:82) [selenium-chrome-driver-4.8.1.jar:?]
	at org.openqa.selenium.chrome.ChromeDriver.<init>(ChromeDriver.java:71) [selenium-chrome-driver-4.8.1.jar:?]
	at base.SetupDriver.setup(SetupDriver.java:43) [classes/:?]
	at jdk.internal.reflect.NativeMethodAccessorImpl.invoke0(Native Method) ~[?:?]
	at jdk.internal.reflect.NativeMethodAccessorImpl.invoke(NativeMethodAccessorImpl.java:77) ~[?:?]
	at jdk.internal.reflect.DelegatingMethodAccessorImpl.invoke(DelegatingMethodAccessorImpl.java:43) ~[?:?]
	at java.lang.reflect.Method.invoke(Method.java:568) ~[?:?]
	at org.testng.internal.invokers.MethodInvocationHelper.invokeMethod(MethodInvocationHelper.java:139) [testng-7.7.1.jar:7.7.1]
	at org.testng.internal.invokers.MethodInvocationHelper.invokeMethodConsideringTimeout(MethodInvocationHelper.java:69) [testng-7.7.1.jar:7.7.1]
	at org.testng.internal.invokers.ConfigInvoker.invokeConfigurationMethod(ConfigInvoker.java:361) [testng-7.7.1.jar:7.7.1]
	at org.testng.internal.invokers.ConfigInvoker.invokeConfigurations(ConfigInvoker.java:296) [testng-7.7.1.jar:7.7.1]
	at org.testng.internal.invokers.TestInvoker.runConfigMethods(TestInvoker.java:823) [testng-7.7.1.jar:7.7.1]
	at org.testng.internal.invokers.TestInvoker.invokeMethod(TestInvoker.java:590) [testng-7.7.1.jar:7.7.1]
	at org.testng.internal.invokers.TestInvoker.invokeTestMethod(TestInvoker.java:221) [testng-7.7.1.jar:7.7.1]
	at org.testng.internal.invokers.MethodRunner.runInSequence(MethodRunner.java:50) [testng-7.7.1.jar:7.7.1]
	at org.testng.internal.invokers.TestInvoker$MethodInvocationAgent.invoke(TestInvoker.java:969) [testng-7.7.1.jar:7.7.1]
	at org.testng.internal.invokers.TestInvoker.invokeTestMethods(TestInvoker.java:194) [testng-7.7.1.jar:7.7.1]
	at org.testng.internal.invokers.TestMethodWorker.invokeTestMethods(TestMethodWorker.java:148) [testng-7.7.1.jar:7.7.1]
	at org.testng.internal.invokers.TestMethodWorker.run(TestMethodWorker.java:128) [testng-7.7.1.jar:7.7.1]
	at java.util.ArrayList.forEach(ArrayList.java:1511) [?:?]
	at org.testng.TestRunner.privateRun(TestRunner.java:829) [testng-7.7.1.jar:7.7.1]
	at org.testng.TestRunner.run(TestRunner.java:602) [testng-7.7.1.jar:7.7.1]
	at org.testng.SuiteRunner.runTest(SuiteRunner.java:437) [testng-7.7.1.jar:7.7.1]
	at org.testng.SuiteRunner.runSequentially(SuiteRunner.java:431) [testng-7.7.1.jar:7.7.1]
	at org.testng.SuiteRunner.privateRun(SuiteRunner.java:391) [testng-7.7.1.jar:7.7.1]
	at org.testng.SuiteRunner.run(SuiteRunner.java:330) [testng-7.7.1.jar:7.7.1]
	at org.testng.SuiteRunnerWorker.runSuite(SuiteRunnerWorker.java:52) [testng-7.7.1.jar:7.7.1]
	at org.testng.SuiteRunnerWorker.run(SuiteRunnerWorker.java:95) [testng-7.7.1.jar:7.7.1]
	at org.testng.TestNG.runSuitesSequentially(TestNG.java:1256) [testng-7.7.1.jar:7.7.1]
	at org.testng.TestNG.runSuitesLocally(TestNG.java:1176) [testng-7.7.1.jar:7.7.1]
	at org.testng.TestNG.runSuites(TestNG.java:1099) [testng-7.7.1.jar:7.7.1]
	at org.testng.TestNG.run(TestNG.java:1067) [testng-7.7.1.jar:7.7.1]
	at org.apache.maven.surefire.testng.TestNGExecutor.run(TestNGExecutor.java:308) [surefire-testng-3.1.0.jar:3.1.0]
	at org.apache.maven.surefire.testng.TestNGXmlTestSuite.execute(TestNGXmlTestSuite.java:71) [surefire-testng-3.1.0.jar:3.1.0]
	at org.apache.maven.surefire.testng.TestNGProvider.invoke(TestNGProvider.java:113) [surefire-testng-3.1.0.jar:3.1.0]
	at org.apache.maven.surefire.booter.ForkedBooter.runSuitesInProcess(ForkedBooter.java:385) [surefire-booter-3.1.0.jar:3.1.0]
	at org.apache.maven.surefire.booter.ForkedBooter.execute(ForkedBooter.java:162) [surefire-booter-3.1.0.jar:3.1.0]
	at org.apache.maven.surefire.booter.ForkedBooter.run(ForkedBooter.java:507) [surefire-booter-3.1.0.jar:3.1.0]
	at org.apache.maven.surefire.booter.ForkedBooter.main(ForkedBooter.java:495) [surefire-booter-3.1.0.jar:3.1.0]
2023-05-31 14:52:17 DEBUG io.netty.util.internal.PlatformDependent0.<clinit>(PlatformDependent0.java:482):482 - java.nio.DirectByteBuffer.<init>(long, int): unavailable
2023-05-31 14:52:17 DEBUG io.netty.util.internal.PlatformDependent.unsafeUnavailabilityCause0(PlatformDependent.java:1159):1159 - sun.misc.Unsafe: available
2023-05-31 14:52:17 DEBUG io.netty.util.internal.PlatformDependent.estimateMaxDirectMemory(PlatformDependent.java:1270):1270 - maxDirectMemory: 4123000832 bytes (maybe)
2023-05-31 14:52:17 DEBUG io.netty.util.internal.PlatformDependent.tmpdir0(PlatformDependent.java:1289):1289 - -Dio.netty.tmpdir: C:\Users\USER\AppData\Local\Temp (java.io.tmpdir)
2023-05-31 14:52:17 DEBUG io.netty.util.internal.PlatformDependent.bitMode0(PlatformDependent.java:1368):1368 - -Dio.netty.bitMode: 64 (sun.arch.data.model)
2023-05-31 14:52:17 DEBUG io.netty.util.internal.PlatformDependent.isWindows0(PlatformDependent.java:1119):1119 - Platform: Windows
2023-05-31 14:52:17 DEBUG io.netty.util.internal.PlatformDependent.<clinit>(PlatformDependent.java:178):178 - -Dio.netty.maxDirectMemory: -1 bytes
2023-05-31 14:52:17 DEBUG io.netty.util.internal.PlatformDependent.<clinit>(PlatformDependent.java:185):185 - -Dio.netty.uninitializedArrayAllocationThreshold: -1
2023-05-31 14:52:17 DEBUG io.netty.util.internal.CleanerJava9.<clinit>(CleanerJava9.java:71):71 - java.nio.ByteBuffer.cleaner(): available
2023-05-31 14:52:17 DEBUG io.netty.util.internal.PlatformDependent.<clinit>(PlatformDependent.java:205):205 - -Dio.netty.noPreferDirect: false
2023-05-31 14:52:17 DEBUG io.netty.util.internal.PlatformDependent$Mpsc.<clinit>(PlatformDependent.java:1010):1010 - org.jctools-core.MpscChunkedArrayQueue: available
2023-05-31 14:52:17 DEBUG io.netty.util.internal.InternalThreadLocalMap.<clinit>(InternalThreadLocalMap.java:100):100 - -Dio.netty.threadLocalMap.stringBuilder.initialSize: 1024
2023-05-31 14:52:17 DEBUG io.netty.util.internal.InternalThreadLocalMap.<clinit>(InternalThreadLocalMap.java:101):101 - -Dio.netty.threadLocalMap.stringBuilder.maxSize: 4096
2023-05-31 14:52:17 DEBUG io.netty.handler.ssl.JdkSslContext.<clinit>(JdkSslContext.java:83):83 - Default protocols (JDK): [TLSv1.3, TLSv1.2] 
2023-05-31 14:52:17 DEBUG io.netty.handler.ssl.JdkSslContext.<clinit>(JdkSslContext.java:84):84 - Default cipher suites (JDK): [TLS_ECDHE_ECDSA_WITH_AES_256_GCM_SHA384, TLS_ECDHE_ECDSA_WITH_AES_128_GCM_SHA256, TLS_ECDHE_RSA_WITH_AES_128_GCM_SHA256, TLS_ECDHE_RSA_WITH_AES_256_GCM_SHA384, TLS_ECDHE_RSA_WITH_AES_128_CBC_SHA, TLS_ECDHE_RSA_WITH_AES_256_CBC_SHA, TLS_RSA_WITH_AES_128_GCM_SHA256, TLS_RSA_WITH_AES_128_CBC_SHA, TLS_RSA_WITH_AES_256_CBC_SHA, TLS_AES_128_GCM_SHA256, TLS_AES_256_GCM_SHA384]
2023-05-31 14:52:17 DEBUG io.netty.channel.MultithreadEventLoopGroup.<clinit>(MultithreadEventLoopGroup.java:44):44 - -Dio.netty.eventLoopThreads: 24
2023-05-31 14:52:17 DEBUG io.netty.channel.nio.NioEventLoop.<clinit>(NioEventLoop.java:110):110 - -Dio.netty.noKeySetOptimization: false
2023-05-31 14:52:17 DEBUG io.netty.channel.nio.NioEventLoop.<clinit>(NioEventLoop.java:111):111 - -Dio.netty.selectorAutoRebuildThreshold: 512
2023-05-31 14:52:17 TRACE io.netty.channel.nio.NioEventLoop.openSelector(NioEventLoop.java:264):264 - instrumented a special java.util.Set into: sun.nio.ch.WEPollSelectorImpl@2bc8caa7
2023-05-31 14:52:17 TRACE io.netty.channel.nio.NioEventLoop.openSelector(NioEventLoop.java:264):264 - instrumented a special java.util.Set into: sun.nio.ch.WEPollSelectorImpl@3ac406d4
2023-05-31 14:52:17 TRACE io.netty.channel.nio.NioEventLoop.openSelector(NioEventLoop.java:264):264 - instrumented a special java.util.Set into: sun.nio.ch.WEPollSelectorImpl@72646d16
2023-05-31 14:52:17 TRACE io.netty.channel.nio.NioEventLoop.openSelector(NioEventLoop.java:264):264 - instrumented a special java.util.Set into: sun.nio.ch.WEPollSelectorImpl@6ec2d990
2023-05-31 14:52:17 TRACE io.netty.channel.nio.NioEventLoop.openSelector(NioEventLoop.java:264):264 - instrumented a special java.util.Set into: sun.nio.ch.WEPollSelectorImpl@1cfa7ee0
2023-05-31 14:52:17 TRACE io.netty.channel.nio.NioEventLoop.openSelector(NioEventLoop.java:264):264 - instrumented a special java.util.Set into: sun.nio.ch.WEPollSelectorImpl@612290d
2023-05-31 14:52:17 TRACE io.netty.channel.nio.NioEventLoop.openSelector(NioEventLoop.java:264):264 - instrumented a special java.util.Set into: sun.nio.ch.WEPollSelectorImpl@57cff804
2023-05-31 14:52:17 TRACE io.netty.channel.nio.NioEventLoop.openSelector(NioEventLoop.java:264):264 - instrumented a special java.util.Set into: sun.nio.ch.WEPollSelectorImpl@2f39b534
2023-05-31 14:52:17 TRACE io.netty.channel.nio.NioEventLoop.openSelector(NioEventLoop.java:264):264 - instrumented a special java.util.Set into: sun.nio.ch.WEPollSelectorImpl@60fbc34d
2023-05-31 14:52:17 TRACE io.netty.channel.nio.NioEventLoop.openSelector(NioEventLoop.java:264):264 - instrumented a special java.util.Set into: sun.nio.ch.WEPollSelectorImpl@7736c41e
2023-05-31 14:52:17 TRACE io.netty.channel.nio.NioEventLoop.openSelector(NioEventLoop.java:264):264 - instrumented a special java.util.Set into: sun.nio.ch.WEPollSelectorImpl@5f911d24
2023-05-31 14:52:17 TRACE io.netty.channel.nio.NioEventLoop.openSelector(NioEventLoop.java:264):264 - instrumented a special java.util.Set into: sun.nio.ch.WEPollSelectorImpl@3de383f7
2023-05-31 14:52:17 TRACE io.netty.channel.nio.NioEventLoop.openSelector(NioEventLoop.java:264):264 - instrumented a special java.util.Set into: sun.nio.ch.WEPollSelectorImpl@33ccead
2023-05-31 14:52:17 TRACE io.netty.channel.nio.NioEventLoop.openSelector(NioEventLoop.java:264):264 - instrumented a special java.util.Set into: sun.nio.ch.WEPollSelectorImpl@42ebece0
2023-05-31 14:52:17 TRACE io.netty.channel.nio.NioEventLoop.openSelector(NioEventLoop.java:264):264 - instrumented a special java.util.Set into: sun.nio.ch.WEPollSelectorImpl@15c4b1a4
2023-05-31 14:52:17 TRACE io.netty.channel.nio.NioEventLoop.openSelector(NioEventLoop.java:264):264 - instrumented a special java.util.Set into: sun.nio.ch.WEPollSelectorImpl@341964d0
2023-05-31 14:52:17 TRACE io.netty.channel.nio.NioEventLoop.openSelector(NioEventLoop.java:264):264 - instrumented a special java.util.Set into: sun.nio.ch.WEPollSelectorImpl@51b59d58
2023-05-31 14:52:17 TRACE io.netty.channel.nio.NioEventLoop.openSelector(NioEventLoop.java:264):264 - instrumented a special java.util.Set into: sun.nio.ch.WEPollSelectorImpl@4ca4f762
2023-05-31 14:52:17 TRACE io.netty.channel.nio.NioEventLoop.openSelector(NioEventLoop.java:264):264 - instrumented a special java.util.Set into: sun.nio.ch.WEPollSelectorImpl@7c5d36c3
2023-05-31 14:52:17 TRACE io.netty.channel.nio.NioEventLoop.openSelector(NioEventLoop.java:264):264 - instrumented a special java.util.Set into: sun.nio.ch.WEPollSelectorImpl@31de27c
2023-05-31 14:52:17 TRACE io.netty.channel.nio.NioEventLoop.openSelector(NioEventLoop.java:264):264 - instrumented a special java.util.Set into: sun.nio.ch.WEPollSelectorImpl@7ebfe01a
2023-05-31 14:52:17 TRACE io.netty.channel.nio.NioEventLoop.openSelector(NioEventLoop.java:264):264 - instrumented a special java.util.Set into: sun.nio.ch.WEPollSelectorImpl@154b0748
2023-05-31 14:52:17 TRACE io.netty.channel.nio.NioEventLoop.openSelector(NioEventLoop.java:264):264 - instrumented a special java.util.Set into: sun.nio.ch.WEPollSelectorImpl@35c00c
2023-05-31 14:52:17 TRACE io.netty.channel.nio.NioEventLoop.openSelector(NioEventLoop.java:264):264 - instrumented a special java.util.Set into: sun.nio.ch.WEPollSelectorImpl@6cd7dc74
2023-05-31 14:52:17 DEBUG io.netty.buffer.PooledByteBufAllocator.<clinit>(PooledByteBufAllocator.java:157):157 - -Dio.netty.allocator.numHeapArenas: 24
2023-05-31 14:52:17 DEBUG io.netty.buffer.PooledByteBufAllocator.<clinit>(PooledByteBufAllocator.java:158):158 - -Dio.netty.allocator.numDirectArenas: 24
2023-05-31 14:52:17 DEBUG io.netty.buffer.PooledByteBufAllocator.<clinit>(PooledByteBufAllocator.java:160):160 - -Dio.netty.allocator.pageSize: 8192
2023-05-31 14:52:17 DEBUG io.netty.buffer.PooledByteBufAllocator.<clinit>(PooledByteBufAllocator.java:165):165 - -Dio.netty.allocator.maxOrder: 9
2023-05-31 14:52:17 DEBUG io.netty.buffer.PooledByteBufAllocator.<clinit>(PooledByteBufAllocator.java:169):169 - -Dio.netty.allocator.chunkSize: 4194304
2023-05-31 14:52:17 DEBUG io.netty.buffer.PooledByteBufAllocator.<clinit>(PooledByteBufAllocator.java:170):170 - -Dio.netty.allocator.smallCacheSize: 256
2023-05-31 14:52:17 DEBUG io.netty.buffer.PooledByteBufAllocator.<clinit>(PooledByteBufAllocator.java:171):171 - -Dio.netty.allocator.normalCacheSize: 64
2023-05-31 14:52:17 DEBUG io.netty.buffer.PooledByteBufAllocator.<clinit>(PooledByteBufAllocator.java:172):172 - -Dio.netty.allocator.maxCachedBufferCapacity: 32768
2023-05-31 14:52:17 DEBUG io.netty.buffer.PooledByteBufAllocator.<clinit>(PooledByteBufAllocator.java:173):173 - -Dio.netty.allocator.cacheTrimInterval: 8192
2023-05-31 14:52:17 DEBUG io.netty.buffer.PooledByteBufAllocator.<clinit>(PooledByteBufAllocator.java:174):174 - -Dio.netty.allocator.cacheTrimIntervalMillis: 0
2023-05-31 14:52:17 DEBUG io.netty.buffer.PooledByteBufAllocator.<clinit>(PooledByteBufAllocator.java:175):175 - -Dio.netty.allocator.useCacheForAllThreads: false
2023-05-31 14:52:17 DEBUG io.netty.buffer.PooledByteBufAllocator.<clinit>(PooledByteBufAllocator.java:176):176 - -Dio.netty.allocator.maxCachedByteBuffersPerChunk: 1023
2023-05-31 14:52:17 DEBUG io.netty.buffer.ByteBufUtil.<clinit>(ByteBufUtil.java:87):87 - -Dio.netty.allocator.type: pooled
2023-05-31 14:52:17 DEBUG io.netty.buffer.ByteBufUtil.<clinit>(ByteBufUtil.java:96):96 - -Dio.netty.threadLocalDirectBufferSize: 0
2023-05-31 14:52:17 DEBUG io.netty.buffer.ByteBufUtil.<clinit>(ByteBufUtil.java:99):99 - -Dio.netty.maxThreadLocalCharBufferSize: 16384
2023-05-31 14:52:17 DEBUG io.netty.channel.DefaultChannelId.<clinit>(DefaultChannelId.java:79):79 - -Dio.netty.processId: 23520 (auto-detected)
2023-05-31 14:52:17 DEBUG io.netty.util.NetUtil.<clinit>(NetUtil.java:142):142 - -Djava.net.preferIPv4Stack: false
2023-05-31 14:52:17 DEBUG io.netty.util.NetUtil.<clinit>(NetUtil.java:143):143 - -Djava.net.preferIPv6Addresses: false
2023-05-31 14:52:17 DEBUG io.netty.util.NetUtilInitializations.determineLoopback(NetUtilInitializations.java:139):139 - Loopback interface: lo (Software Loopback Interface 1, 127.0.0.1)
2023-05-31 14:52:17 DEBUG io.netty.util.NetUtil$SoMaxConnAction.run(NetUtil.java:200):200 - Failed to get SOMAXCONN from sysctl and file \proc\sys\net\core\somaxconn. Default: 200
2023-05-31 14:52:17 DEBUG io.netty.channel.DefaultChannelId.<clinit>(DefaultChannelId.java:101):101 - -Dio.netty.machineId: c8:cb:9e:ff:fe:60:2a:a7 (auto-detected)
2023-05-31 14:52:17 DEBUG io.netty.buffer.AbstractByteBuf.<clinit>(AbstractByteBuf.java:63):63 - -Dio.netty.buffer.checkAccessible: true
2023-05-31 14:52:17 DEBUG io.netty.buffer.AbstractByteBuf.<clinit>(AbstractByteBuf.java:64):64 - -Dio.netty.buffer.checkBounds: true
2023-05-31 14:52:17 DEBUG io.netty.util.ResourceLeakDetectorFactory$DefaultResourceLeakDetectorFactory.newResourceLeakDetector(ResourceLeakDetectorFactory.java:196):196 - Loaded default ResourceLeakDetector: io.netty.util.ResourceLeakDetector@65b9b502
2023-05-31 14:52:17 DEBUG io.netty.util.Recycler.<clinit>(Recycler.java:85):85 - -Dio.netty.recycler.maxCapacityPerThread: 4096
2023-05-31 14:52:17 DEBUG io.netty.util.Recycler.<clinit>(Recycler.java:86):86 - -Dio.netty.recycler.ratio: 8
2023-05-31 14:52:17 DEBUG io.netty.util.Recycler.<clinit>(Recycler.java:87):87 - -Dio.netty.recycler.chunkSize: 32
2023-05-31 14:52:17 DEBUG io.netty.util.Recycler.<clinit>(Recycler.java:88):88 - -Dio.netty.recycler.blocking: false
2023-05-31 14:52:18 DEBUG io.netty.handler.codec.compression.Brotli.<clinit>(Brotli.java:38):38 - brotli4j not in the classpath; Brotli support will be unavailable.
2023-05-31 14:52:18 DEBUG io.netty.util.internal.ThreadLocalRandom.newSeed(ThreadLocalRandom.java:214):214 - -Dio.netty.initialSeedUniquifier: 0xf839739461cb44cf
2023-05-31 14:52:18 DEBUG base.DriverFactory.setDriver(DriverFactory.java:27):27 - save the driver to ThreadLocal variable
2023-05-31 14:52:18 INFO  base.SetupDriver.setup(SetupDriver.java:45):45 - chrome driver setup
2023-05-31 14:52:22 INFO  pageobjects.LogInForm.clickRegister(LogInForm.java:57):57 - click on register link
2023-05-31 14:52:22 INFO  pageobjects.RegisterPage.navigateToPage(RegisterPage.java:146):146 - Navigate to Register page
2023-05-31 14:52:22 INFO  pageobjects.RegisterPage.typeFormFirstName(RegisterPage.java:116):116 - type first name in registran form
2023-05-31 14:52:22 INFO  pageobjects.RegisterPage.typeFormLastName(RegisterPage.java:123):123 - type last name in registration form
2023-05-31 14:52:22 INFO  pageobjects.RegisterPage.typeFormCity(RegisterPage.java:73):73 - type city in registration form
2023-05-31 14:52:22 INFO  pageobjects.RegisterPage.typeFormState(RegisterPage.java:87):87 - type state in registrarion form
2023-05-31 14:52:22 INFO  pageobjects.RegisterPage.typeFormAddress(RegisterPage.java:80):80 - type address in registration form
2023-05-31 14:52:22 INFO  pageobjects.RegisterPage.typeZipCode(RegisterPage.java:94):94 - type zipcode in registration form
2023-05-31 14:52:22 INFO  pageobjects.RegisterPage.typeSSN(RegisterPage.java:109):109 - type ssn in registration form
2023-05-31 14:52:22 INFO  pageobjects.RegisterPage.typePhone(RegisterPage.java:101):101 - type phone is registration form
2023-05-31 14:52:22 INFO  pageobjects.RegisterPage.typeFormPassword(RegisterPage.java:66):66 - type password in registration form
2023-05-31 14:52:22 INFO  pageobjects.RegisterPage.typeFormRepeatPassworf(RegisterPage.java:130):130 - type passworn confirmation in registration form
2023-05-31 14:52:23 INFO  pageobjects.RegisterPage.typeFormUserName(RegisterPage.java:59):59 - type user name in registration form
2023-05-31 14:52:23 INFO  pageobjects.RegisterPage.clickFormSubmitBtn(RegisterPage.java:137):137 - click on submit form btn
]]></system-out>
    <system-err><![CDATA[SLF4J: No SLF4J providers were found.
SLF4J: Defaulting to no-operation (NOP) logger implementation
SLF4J: See https://www.slf4j.org/codes.html#noProviders for further details.
Starting ChromeDriver 113.0.5672.63 (0e1a4471d5ae5bf128b1bd8f4d627c8cbd55f70c-refs/branch-heads/5672@{#912}) on port 35549
Only local connections are allowed.
Please see https://chromedriver.chromium.org/security-considerations for suggestions on keeping ChromeDriver safe.
ChromeDriver was started successfully.
May 31, 2023 2:52:18 PM org.openqa.selenium.devtools.CdpVersionFinder findNearestMatch
WARNING: Unable to find an exact match for CDP version 113, so returning the closest version found: 110
]]></system-err>
  </testcase>
  <testcase name="successfulRegister" classname="tests.RegisterTestCases" time="4.643">
    <system-out><![CDATA[1
2023-05-31 14:54:03 DEBUG base.DriverFactory.unload(DriverFactory.java:32):32 - remove the driver from ThreadLocal variable
2023-05-31 14:54:03 INFO  base.SetupDriver.tear_down(SetupDriver.java:71):71 - end session
2023-05-31 14:54:05 DEBUG base.DriverFactory.setDriver(DriverFactory.java:27):27 - save the driver to ThreadLocal variable
2023-05-31 14:54:05 INFO  base.SetupDriver.setup(SetupDriver.java:52):52 - fire fox driver setup
2023-05-31 14:54:09 INFO  pageobjects.LogInForm.clickRegister(LogInForm.java:57):57 - click on register link
2023-05-31 14:54:09 INFO  pageobjects.RegisterPage.navigateToPage(RegisterPage.java:146):146 - Navigate to Register page
2023-05-31 14:54:09 INFO  pageobjects.RegisterPage.typeFormFirstName(RegisterPage.java:116):116 - type first name in registran form
2023-05-31 14:54:09 INFO  pageobjects.RegisterPage.typeFormLastName(RegisterPage.java:123):123 - type last name in registration form
2023-05-31 14:54:09 INFO  pageobjects.RegisterPage.typeFormCity(RegisterPage.java:73):73 - type city in registration form
2023-05-31 14:54:09 INFO  pageobjects.RegisterPage.typeFormState(RegisterPage.java:87):87 - type state in registrarion form
2023-05-31 14:54:09 INFO  pageobjects.RegisterPage.typeFormAddress(RegisterPage.java:80):80 - type address in registration form
2023-05-31 14:54:09 INFO  pageobjects.RegisterPage.typeZipCode(RegisterPage.java:94):94 - type zipcode in registration form
2023-05-31 14:54:09 INFO  pageobjects.RegisterPage.typeSSN(RegisterPage.java:109):109 - type ssn in registration form
2023-05-31 14:54:09 INFO  pageobjects.RegisterPage.typePhone(RegisterPage.java:101):101 - type phone is registration form
2023-05-31 14:54:09 INFO  pageobjects.RegisterPage.typeFormPassword(RegisterPage.java:66):66 - type password in registration form
2023-05-31 14:54:09 INFO  pageobjects.RegisterPage.typeFormRepeatPassworf(RegisterPage.java:130):130 - type passworn confirmation in registration form
2023-05-31 14:54:09 INFO  pageobjects.RegisterPage.typeFormUserName(RegisterPage.java:59):59 - type user name in registration form
2023-05-31 14:54:09 INFO  pageobjects.RegisterPage.clickFormSubmitBtn(RegisterPage.java:137):137 - click on submit form btn
]]></system-out>
    <system-err><![CDATA[[1685537630.903][WARNING]: Timed out connecting to Chrome, retrying...
[1685537638.992][WARNING]: Timed out connecting to Chrome, retrying...
1685537643298	geckodriver	INFO	Listening on 127.0.0.1:27606
1685537643349	mozrunner::runner	INFO	Running command: "C:\\Program Files\\Mozilla Firefox\\firefox.exe" "--marionette" "--remote-debugging-port" "27093" "--remote ... /localhost:27093/,http://[::1]:27093/" "-no-remote" "-profile" "C:\\Users\\USER\\AppData\\Local\\Temp\\rust_mozprofileIjCjYd"
console.warn: services.settings: Ignoring preference override of remote settings server
console.warn: services.settings: Allow by setting MOZ_REMOTE_SETTINGS_DEVTOOLS=1 in the environment
1685537643594	Marionette	INFO	Marionette enabled
Dynamically enable window occlusion 0
1685537643597	Marionette	INFO	Listening on port 52678
WebDriver BiDi listening on ws://127.0.0.1:27093
Read port: 52678
1685537643807	RemoteAgent	WARN	TLS certificate errors will be ignored for this session
[ERROR glean_core] Error setting metrics feature config: Json(Error("EOF while parsing a value", line: 1, column: 0))
DevTools listening on ws://127.0.0.1:27093/devtools/browser/a398bdc4-fac2-4777-be9a-c34577b45bae
console.warn: LoginRecipes: "Falling back to a synchronous message for: https://parabank.parasoft.com."
console.warn: LoginRecipes: "Falling back to a synchronous message for: https://parabank.parasoft.com."
console.warn: LoginRecipes: "Falling back to a synchronous message for: https://parabank.parasoft.com."
]]></system-err>
  </testcase>
  <testcase name="invalidLogIn" classname="tests.LogInTestCases" time="3.422">
    <system-out><![CDATA[1
2023-05-31 14:52:39 DEBUG base.DriverFactory.unload(DriverFactory.java:32):32 - remove the driver from ThreadLocal variable
2023-05-31 14:52:39 INFO  base.SetupDriver.tear_down(SetupDriver.java:71):71 - end session
2023-05-31 14:52:40 DEBUG base.DriverFactory.setDriver(DriverFactory.java:27):27 - save the driver to ThreadLocal variable
2023-05-31 14:52:40 INFO  base.SetupDriver.setup(SetupDriver.java:45):45 - chrome driver setup
2023-05-31 14:52:43 INFO  pageobjects.HomePage.navigateToPage(HomePage.java:43):43 - Navigate to homepage
2023-05-31 14:52:43 INFO  pageobjects.LogInForm.typeUserName(LogInForm.java:36):36 - type user name
2023-05-31 14:52:43 INFO  pageobjects.LogInForm.typePassword(LogInForm.java:43):43 - type password
2023-05-31 14:52:43 INFO  pageobjects.LogInForm.clickLogin(LogInForm.java:50):50 - click on login btn
]]></system-out>
    <system-err><![CDATA[[1685537547.487][WARNING]: Timed out connecting to Chrome, retrying...
[1685537555.606][WARNING]: Timed out connecting to Chrome, retrying...
Starting ChromeDriver 113.0.5672.63 (0e1a4471d5ae5bf128b1bd8f4d627c8cbd55f70c-refs/branch-heads/5672@{#912}) on port 17266
Only local connections are allowed.
Please see https://chromedriver.chromium.org/security-considerations for suggestions on keeping ChromeDriver safe.
ChromeDriver was started successfully.
May 31, 2023 2:52:40 PM org.openqa.selenium.devtools.CdpVersionFinder findNearestMatch
WARNING: Unable to find an exact match for CDP version 113, so returning the closest version found: 110
]]></system-err>
  </testcase>
  <testcase name="invalidLogIn" classname="tests.LogInTestCases" time="4.072">
    <system-out><![CDATA[2023-05-31 14:54:10 TRACE io.netty.handler.codec.http.websocketx.WebSocket08FrameDecoder.decode(WebSocket08FrameDecoder.java:183):183 - Decoding WebSocket Frame opCode=8
2023-05-31 14:54:10 TRACE io.netty.handler.codec.http.websocketx.WebSocket08FrameDecoder.decode(WebSocket08FrameDecoder.java:294):294 - Decoding WebSocket Frame length=0
1
2023-05-31 14:54:10 DEBUG base.DriverFactory.unload(DriverFactory.java:32):32 - remove the driver from ThreadLocal variable
2023-05-31 14:54:10 INFO  base.SetupDriver.tear_down(SetupDriver.java:71):71 - end session
2023-05-31 14:54:12 DEBUG base.DriverFactory.setDriver(DriverFactory.java:27):27 - save the driver to ThreadLocal variable
2023-05-31 14:54:12 INFO  base.SetupDriver.setup(SetupDriver.java:52):52 - fire fox driver setup
2023-05-31 14:54:15 INFO  pageobjects.HomePage.navigateToPage(HomePage.java:43):43 - Navigate to homepage
2023-05-31 14:54:15 INFO  pageobjects.LogInForm.typeUserName(LogInForm.java:36):36 - type user name
2023-05-31 14:54:15 INFO  pageobjects.LogInForm.typePassword(LogInForm.java:43):43 - type password
2023-05-31 14:54:16 INFO  pageobjects.LogInForm.clickLogin(LogInForm.java:50):50 - click on login btn
]]></system-out>
    <system-err><![CDATA[1685537649974	RemoteAgent	INFO	Perform WebSocket upgrade for incoming connection from 127.0.0.1:52702
1685537649975	CDP	WARN	Invalid browser preferences for CDP. Set "fission.webContentIsolationStrategy"to 0 and "fission.bfcacheInParent" to false before Firefox starts.
1685537649979	Marionette	INFO	Stopped listening on port 52678
[Child 24148, Main Thread] WARNING: JSWindowActorChild::SendRawMessage (Conduits, ConduitClosed) not sent: !CanSend() || !mManager || !mManager->CanSend(): file /builds/worker/checkouts/gecko/dom/ipc/jsactor/JSWindowActorChild.cpp:57
[Child 24148, Main Thread] WARNING: JSWindowActorChild::SendRawMessage (Conduits, ConduitClosed) not sent: !CanSend() || !mManager || !mManager->CanSend(): file /builds/worker/checkouts/gecko/dom/ipc/jsactor/JSWindowActorChild.cpp:57
[Child 24148, Main Thread] WARNING: JSWindowActorChild::SendRawMessage (Conduits, ConduitClosed) not sent: !CanSend() || !mManager || !mManager->CanSend(): file /builds/worker/checkouts/gecko/dom/ipc/jsactor/JSWindowActorChild.cpp:57
[Child 24148, Main Thread] WARNING: JSWindowActorChild::SendRawMessage (Conduits, ConduitClosed) not sent: !CanSend() || !mManager || !mManager->CanSend(): file /builds/worker/checkouts/gecko/dom/ipc/jsactor/JSWindowActorChild.cpp:57
[Child 24148, Main Thread] WARNING: JSWindowActorChild::SendRawMessage (Conduits, ConduitClosed) not sent: !CanSend() || !mManager || !mManager->CanSend(): file /builds/worker/checkouts/gecko/dom/ipc/jsactor/JSWindowActorChild.cpp:57
[Child 24148, Main Thread] WARNING: JSWindowActorChild::SendRawMessage (Conduits, ConduitClosed) not sent: !CanSend() || !mManager || !mManager->CanSend(): file /builds/worker/checkouts/gecko/dom/ipc/jsactor/JSWindowActorChild.cpp:57
[Child 24148, Main Thread] WARNING: JSWindowActorChild::SendRawMessage (Conduits, ConduitClosed) not sent: !CanSend() || !mManager || !mManager->CanSend(): file /builds/worker/checkouts/gecko/dom/ipc/jsactor/JSWindowActorChild.cpp:57
[Child 24148, Main Thread] WARNING: JSWindowActorChild::SendRawMessage (Conduits, ConduitClosed) not sent: !CanSend() || !mManager || !mManager->CanSend(): file /builds/worker/checkouts/gecko/dom/ipc/jsactor/JSWindowActorChild.cpp:57
Dynamically enable window occlusion 1
WARNING: A blocker encountered an error while we were waiting.
          Blocker:  Waiting for ping task
          Phase: TelemetryController: Waiting for pending ping activity
          State: (none)
WARNING: Error: Phase "profile-before-change" is finished, it is too late to register completion condition "OS.File: flush I/O queued before profileBeforeChange"
WARNING: addBlocker@resource://gre/modules/AsyncShutdown.sys.mjs:727:15
addBlocker@resource://gre/modules/AsyncShutdown.sys.mjs:523:26
addBlocker@resource://gre/modules/AsyncShutdown.sys.mjs:458:15
setupShutdown@resource://gre/modules/osfile/osfile_async_front.jsm:1548:28
@resource://gre/modules/osfile/osfile_async_front.jsm:1568:16
@resource://gre/modules/osfile.jsm:12:30
@resource://gre/modules/TelemetryStorage.sys.mjs:10:28
_checkPendingPings@resource://gre/modules/TelemetrySend.sys.mjs:859:17
setup@resource://gre/modules/TelemetrySend.sys.mjs:799:18
setup@resource://gre/modules/TelemetrySend.sys.mjs:237:30
setupTelemetry/this._delayedInitTask<@resource://gre/modules/TelemetryControllerParent.sys.mjs:824:36
observe@resource://gre/modules/AsyncShutdown.sys.mjs:576:16

console.error: "TelemetryScheduler.shutdown - Already shut down"
WARNING: A blocker encountered an error while we were waiting.
          Blocker:  Waiting for ping task
          Phase: TelemetryController: Waiting for pending ping activity
          State: (none)
WARNING: Error: Phase "profile-before-change" is finished, it is too late to register completion condition "OS.File: flush I/O queued before profileBeforeChange"
WARNING: addBlocker@resource://gre/modules/AsyncShutdown.sys.mjs:727:15
addBlocker@resource://gre/modules/AsyncShutdown.sys.mjs:523:26
addBlocker@resource://gre/modules/AsyncShutdown.sys.mjs:458:15
setupShutdown@resource://gre/modules/osfile/osfile_async_front.jsm:1548:28
@resource://gre/modules/osfile/osfile_async_front.jsm:1568:16
@resource://gre/modules/osfile.jsm:12:30
@resource://gre/modules/TelemetryStorage.sys.mjs:10:28
_checkPendingPings@resource://gre/modules/TelemetrySend.sys.mjs:859:17
setup@resource://gre/modules/TelemetrySend.sys.mjs:799:18
setup@resource://gre/modules/TelemetrySend.sys.mjs:237:30
setupTelemetry/this._delayedInitTask<@resource://gre/modules/TelemetryControllerParent.sys.mjs:824:36
observe@resource://gre/modules/AsyncShutdown.sys.mjs:576:16

WARNING: A blocker encountered an error while we were waiting.
          Blocker:  Waiting for ping task
          Phase: TelemetryController: Waiting for pending ping activity
          State: (none)
WARNING: Error: Phase "profile-before-change" is finished, it is too late to register completion condition "OS.File: flush I/O queued before profileBeforeChange"
WARNING: addBlocker@resource://gre/modules/AsyncShutdown.sys.mjs:727:15
addBlocker@resource://gre/modules/AsyncShutdown.sys.mjs:523:26
addBlocker@resource://gre/modules/AsyncShutdown.sys.mjs:458:15
setupShutdown@resource://gre/modules/osfile/osfile_async_front.jsm:1548:28
@resource://gre/modules/osfile/osfile_async_front.jsm:1568:16
@resource://gre/modules/osfile.jsm:12:30
@resource://gre/modules/TelemetryStorage.sys.mjs:10:28
_checkPendingPings@resource://gre/modules/TelemetrySend.sys.mjs:859:17
setup@resource://gre/modules/TelemetrySend.sys.mjs:799:18
setup@resource://gre/modules/TelemetrySend.sys.mjs:237:30
setupTelemetry/this._delayedInitTask<@resource://gre/modules/TelemetryControllerParent.sys.mjs:824:36
observe@resource://gre/modules/AsyncShutdown.sys.mjs:576:16

WARNING: A blocker encountered an error while we were waiting.
          Blocker:  TelemetryController: shutting down
          Phase: profile-before-change-telemetry
          State: Error getting state: Error: Phase "profile-before-change" is finished, it is too late to register completion condition "OS.File: flush I/O queued before profileBeforeChange" at addBlocker@resource://gre/modules/AsyncShutdown.sys.mjs:727:15
addBlocker@resource://gre/modules/AsyncShutdown.sys.mjs:523:26
addBlocker@resource://gre/modules/AsyncShutdown.sys.mjs:458:15
setupShutdown@resource://gre/modules/osfile/osfile_async_front.jsm:1548:28
@resource://gre/modules/osfile/osfile_async_front.jsm:1568:16
@resource://gre/modules/osfile.jsm:12:30
@resource://gre/modules/TelemetryStorage.sys.mjs:10:28
_checkPendingPings@resource://gre/modules/TelemetrySend.sys.mjs:859:17
setup@resource://gre/modules/TelemetrySend.sys.mjs:799:18
setup@resource://gre/modules/TelemetrySend.sys.mjs:237:30
setupTelemetry/this._delayedInitTask<@resource://gre/modules/TelemetryControllerParent.sys.mjs:824:36
observe@resource://gre/modules/AsyncShutdown.sys.mjs:576:16

WARNING: Error: Phase "profile-before-change" is finished, it is too late to register completion condition "OS.File: flush I/O queued before profileBeforeChange"
WARNING: addBlocker@resource://gre/modules/AsyncShutdown.sys.mjs:727:15
addBlocker@resource://gre/modules/AsyncShutdown.sys.mjs:523:26
addBlocker@resource://gre/modules/AsyncShutdown.sys.mjs:458:15
setupShutdown@resource://gre/modules/osfile/osfile_async_front.jsm:1548:28
@resource://gre/modules/osfile/osfile_async_front.jsm:1568:16
@resource://gre/modules/osfile.jsm:12:30
@resource://gre/modules/TelemetryStorage.sys.mjs:10:28
_checkPendingPings@resource://gre/modules/TelemetrySend.sys.mjs:859:17
setup@resource://gre/modules/TelemetrySend.sys.mjs:799:18
setup@resource://gre/modules/TelemetrySend.sys.mjs:237:30
setupTelemetry/this._delayedInitTask<@resource://gre/modules/TelemetryControllerParent.sys.mjs:824:36
observe@resource://gre/modules/AsyncShutdown.sys.mjs:576:16

JavaScript error: resource://gre/modules/AsyncShutdown.sys.mjs, line 727: Error: Phase "profile-before-change" is finished, it is too late to register completion condition "OS.File: flush I/O queued before profileBeforeChange"
JavaScript error: resource://gre/modules/AsyncShutdown.sys.mjs, line 727: Error: Phase "profile-before-change" is finished, it is too late to register completion condition "OS.File: flush I/O queued before profileBeforeChange"
JavaScript error: resource://gre/modules/AsyncShutdown.sys.mjs, line 727: Error: Phase "profile-before-change" is finished, it is too late to register completion condition "OS.File: flush I/O queued before profileBeforeChange"
JavaScript error: resource://gre/modules/AsyncShutdown.sys.mjs, line 727: Error: Phase "profile-before-change" is finished, it is too late to register completion condition "OS.File: flush I/O queued before profileBeforeChange"
JavaScript error: resource://gre/modules/AsyncShutdown.sys.mjs, line 727: Error: Phase "profile-before-change" is finished, it is too late to register completion condition "OS.File: flush I/O queued before profileBeforeChange"
JavaScript error: resource://gre/modules/AsyncShutdown.sys.mjs, line 727: Error: Phase "profile-before-change" is finished, it is too late to register completion condition "OS.File: flush I/O queued before profileBeforeChange"
1685537650504	geckodriver	INFO	Listening on 127.0.0.1:19179
1685537650554	mozrunner::runner	INFO	Running command: "C:\\Program Files\\Mozilla Firefox\\firefox.exe" "--marionette" "--remote-debugging-port" "43042" "--remote ... /localhost:43042/,http://[::1]:43042/" "-no-remote" "-profile" "C:\\Users\\USER\\AppData\\Local\\Temp\\rust_mozprofileB8skK0"
console.warn: services.settings: Ignoring preference override of remote settings server
console.warn: services.settings: Allow by setting MOZ_REMOTE_SETTINGS_DEVTOOLS=1 in the environment
1685537650799	Marionette	INFO	Marionette enabled
Dynamically enable window occlusion 0
1685537650802	Marionette	INFO	Listening on port 52707
WebDriver BiDi listening on ws://127.0.0.1:43042
Read port: 52707
1685537651010	RemoteAgent	WARN	TLS certificate errors will be ignored for this session
[ERROR glean_core] Error setting metrics feature config: Json(Error("EOF while parsing a value", line: 1, column: 0))
DevTools listening on ws://127.0.0.1:43042/devtools/browser/4b5af8ec-6216-4f03-873f-6f031afb83ec
console.warn: LoginRecipes: "Falling back to a synchronous message for: https://parabank.parasoft.com."
console.warn: LoginRecipes: "Falling back to a synchronous message for: https://parabank.parasoft.com."
]]></system-err>
  </testcase>
  <testcase name="validLogIn" classname="tests.LogInTestCases" time="4.507">
    <system-out><![CDATA[1
2023-05-31 14:53:00 DEBUG base.DriverFactory.unload(DriverFactory.java:32):32 - remove the driver from ThreadLocal variable
2023-05-31 14:53:00 INFO  base.SetupDriver.tear_down(SetupDriver.java:71):71 - end session
2023-05-31 14:53:00 DEBUG base.DriverFactory.setDriver(DriverFactory.java:27):27 - save the driver to ThreadLocal variable
2023-05-31 14:53:00 INFO  base.SetupDriver.setup(SetupDriver.java:45):45 - chrome driver setup
2023-05-31 14:53:02 INFO  pageobjects.LogInForm.clickRegister(LogInForm.java:57):57 - click on register link
2023-05-31 14:53:02 INFO  pageobjects.RegisterPage.navigateToPage(RegisterPage.java:146):146 - Navigate to Register page
2023-05-31 14:53:02 INFO  pageobjects.RegisterPage.typeFormFirstName(RegisterPage.java:116):116 - type first name in registran form
2023-05-31 14:53:03 INFO  pageobjects.RegisterPage.typeFormLastName(RegisterPage.java:123):123 - type last name in registration form
2023-05-31 14:53:03 INFO  pageobjects.RegisterPage.typeFormCity(RegisterPage.java:73):73 - type city in registration form
2023-05-31 14:53:03 INFO  pageobjects.RegisterPage.typeFormState(RegisterPage.java:87):87 - type state in registrarion form
2023-05-31 14:53:03 INFO  pageobjects.RegisterPage.typeFormAddress(RegisterPage.java:80):80 - type address in registration form
2023-05-31 14:53:03 INFO  pageobjects.RegisterPage.typeZipCode(RegisterPage.java:94):94 - type zipcode in registration form
2023-05-31 14:53:03 INFO  pageobjects.RegisterPage.typeSSN(RegisterPage.java:109):109 - type ssn in registration form
2023-05-31 14:53:03 INFO  pageobjects.RegisterPage.typePhone(RegisterPage.java:101):101 - type phone is registration form
2023-05-31 14:53:03 INFO  pageobjects.RegisterPage.typeFormPassword(RegisterPage.java:66):66 - type password in registration form
2023-05-31 14:53:03 INFO  pageobjects.RegisterPage.typeFormRepeatPassworf(RegisterPage.java:130):130 - type passworn confirmation in registration form
2023-05-31 14:53:03 INFO  pageobjects.RegisterPage.typeFormUserName(RegisterPage.java:59):59 - type user name in registration form
2023-05-31 14:53:04 INFO  pageobjects.RegisterPage.clickFormSubmitBtn(RegisterPage.java:137):137 - click on submit form btn
2023-05-31 14:53:04 INFO  pageobjects.HomePage.navigateToPage(HomePage.java:43):43 - Navigate to homepage
2023-05-31 14:53:04 INFO  pageobjects.LogInForm.typeUserName(LogInForm.java:36):36 - type user name
2023-05-31 14:53:04 INFO  pageobjects.LogInForm.typePassword(LogInForm.java:43):43 - type password
2023-05-31 14:53:05 INFO  pageobjects.LogInForm.clickLogin(LogInForm.java:50):50 - click on login btn
]]></system-out>
    <system-err><![CDATA[[1685537567.849][WARNING]: Timed out connecting to Chrome, retrying...
[1685537575.920][WARNING]: Timed out connecting to Chrome, retrying...
Starting ChromeDriver 113.0.5672.63 (0e1a4471d5ae5bf128b1bd8f4d627c8cbd55f70c-refs/branch-heads/5672@{#912}) on port 25030
Only local connections are allowed.
Please see https://chromedriver.chromium.org/security-considerations for suggestions on keeping ChromeDriver safe.
ChromeDriver was started successfully.
May 31, 2023 2:53:00 PM org.openqa.selenium.devtools.CdpVersionFinder findNearestMatch
WARNING: Unable to find an exact match for CDP version 113, so returning the closest version found: 110
]]></system-err>
  </testcase>
  <testcase name="validLogIn" classname="tests.LogInTestCases" time="5.803">
    <system-out><![CDATA[2023-05-31 14:54:16 TRACE io.netty.handler.codec.http.websocketx.WebSocket08FrameDecoder.decode(WebSocket08FrameDecoder.java:183):183 - Decoding WebSocket Frame opCode=8
2023-05-31 14:54:16 TRACE io.netty.handler.codec.http.websocketx.WebSocket08FrameDecoder.decode(WebSocket08FrameDecoder.java:294):294 - Decoding WebSocket Frame length=0
1
2023-05-31 14:54:17 DEBUG base.DriverFactory.unload(DriverFactory.java:32):32 - remove the driver from ThreadLocal variable
2023-05-31 14:54:17 INFO  base.SetupDriver.tear_down(SetupDriver.java:71):71 - end session
2023-05-31 14:54:18 DEBUG base.DriverFactory.setDriver(DriverFactory.java:27):27 - save the driver to ThreadLocal variable
2023-05-31 14:54:18 INFO  base.SetupDriver.setup(SetupDriver.java:52):52 - fire fox driver setup
2023-05-31 14:54:22 INFO  pageobjects.LogInForm.clickRegister(LogInForm.java:57):57 - click on register link
2023-05-31 14:54:22 INFO  pageobjects.RegisterPage.navigateToPage(RegisterPage.java:146):146 - Navigate to Register page
2023-05-31 14:54:22 INFO  pageobjects.RegisterPage.typeFormFirstName(RegisterPage.java:116):116 - type first name in registran form
2023-05-31 14:54:22 INFO  pageobjects.RegisterPage.typeFormLastName(RegisterPage.java:123):123 - type last name in registration form
2023-05-31 14:54:22 INFO  pageobjects.RegisterPage.typeFormCity(RegisterPage.java:73):73 - type city in registration form
2023-05-31 14:54:22 INFO  pageobjects.RegisterPage.typeFormState(RegisterPage.java:87):87 - type state in registrarion form
2023-05-31 14:54:23 INFO  pageobjects.RegisterPage.typeFormAddress(RegisterPage.java:80):80 - type address in registration form
2023-05-31 14:54:23 INFO  pageobjects.RegisterPage.typeZipCode(RegisterPage.java:94):94 - type zipcode in registration form
2023-05-31 14:54:23 INFO  pageobjects.RegisterPage.typeSSN(RegisterPage.java:109):109 - type ssn in registration form
2023-05-31 14:54:23 INFO  pageobjects.RegisterPage.typePhone(RegisterPage.java:101):101 - type phone is registration form
2023-05-31 14:54:23 INFO  pageobjects.RegisterPage.typeFormPassword(RegisterPage.java:66):66 - type password in registration form
2023-05-31 14:54:23 INFO  pageobjects.RegisterPage.typeFormRepeatPassworf(RegisterPage.java:130):130 - type passworn confirmation in registration form
2023-05-31 14:54:23 INFO  pageobjects.RegisterPage.typeFormUserName(RegisterPage.java:59):59 - type user name in registration form
2023-05-31 14:54:23 INFO  pageobjects.RegisterPage.clickFormSubmitBtn(RegisterPage.java:137):137 - click on submit form btn
2023-05-31 14:54:23 INFO  pageobjects.HomePage.navigateToPage(HomePage.java:43):43 - Navigate to homepage
2023-05-31 14:54:23 INFO  pageobjects.LogInForm.typeUserName(LogInForm.java:36):36 - type user name
2023-05-31 14:54:23 INFO  pageobjects.LogInForm.typePassword(LogInForm.java:43):43 - type password
2023-05-31 14:54:24 INFO  pageobjects.LogInForm.clickLogin(LogInForm.java:50):50 - click on login btn
]]></system-out>
    <system-err><![CDATA[1685537656580	RemoteAgent	INFO	Perform WebSocket upgrade for incoming connection from 127.0.0.1:52727
1685537656581	CDP	WARN	Invalid browser preferences for CDP. Set "fission.webContentIsolationStrategy"to 0 and "fission.bfcacheInParent" to false before Firefox starts.
1685537656583	Marionette	INFO	Stopped listening on port 52707
[Child 25492, Main Thread] WARNING: JSWindowActorChild::SendRawMessage (Conduits, ConduitClosed) not sent: !CanSend() || !mManager || !mManager->CanSend(): file /builds/worker/checkouts/gecko/dom/ipc/jsactor/JSWindowActorChild.cpp:57
[Child 25492, Main Thread] WARNING: JSWindowActorChild::SendRawMessage (Conduits, ConduitClosed) not sent: !CanSend() || !mManager || !mManager->CanSend(): file /builds/worker/checkouts/gecko/dom/ipc/jsactor/JSWindowActorChild.cpp:57
[Child 25492, Main Thread] WARNING: JSWindowActorChild::SendRawMessage (Conduits, ConduitClosed) not sent: !CanSend() || !mManager || !mManager->CanSend(): file /builds/worker/checkouts/gecko/dom/ipc/jsactor/JSWindowActorChild.cpp:57
[Child 25492, Main Thread] WARNING: JSWindowActorChild::SendRawMessage (Conduits, ConduitClosed) not sent: !CanSend() || !mManager || !mManager->CanSend(): file /builds/worker/checkouts/gecko/dom/ipc/jsactor/JSWindowActorChild.cpp:57
[Child 25492, Main Thread] WARNING: JSWindowActorChild::SendRawMessage (Conduits, ConduitClosed) not sent: !CanSend() || !mManager || !mManager->CanSend(): file /builds/worker/checkouts/gecko/dom/ipc/jsactor/JSWindowActorChild.cpp:57
[Child 25492, Main Thread] WARNING: JSWindowActorChild::SendRawMessage (Conduits, ConduitClosed) not sent: !CanSend() || !mManager || !mManager->CanSend(): file /builds/worker/checkouts/gecko/dom/ipc/jsactor/JSWindowActorChild.cpp:57
[Child 25492, Main Thread] WARNING: JSWindowActorChild::SendRawMessage (Conduits, ConduitClosed) not sent: !CanSend() || !mManager || !mManager->CanSend(): file /builds/worker/checkouts/gecko/dom/ipc/jsactor/JSWindowActorChild.cpp:57
[Child 25492, Main Thread] WARNING: JSWindowActorChild::SendRawMessage (Conduits, ConduitClosed) not sent: !CanSend() || !mManager || !mManager->CanSend(): file /builds/worker/checkouts/gecko/dom/ipc/jsactor/JSWindowActorChild.cpp:57
Dynamically enable window occlusion 1
[Parent 25036, IPC I/O Parent] WARNING: DuplicateHandle failed for handle 0 in TransferHandles: file /builds/worker/checkouts/gecko/ipc/chromium/src/chrome/common/ipc_channel_win.cc:787
WARNING: A blocker encountered an error while we were waiting.
          Blocker:  Waiting for ping task
          Phase: TelemetryController: Waiting for pending ping activity
          State: (none)
WARNING: Error: Phase "profile-before-change" is finished, it is too late to register completion condition "OS.File: flush I/O queued before profileBeforeChange"
WARNING: addBlocker@resource://gre/modules/AsyncShutdown.sys.mjs:727:15
addBlocker@resource://gre/modules/AsyncShutdown.sys.mjs:523:26
addBlocker@resource://gre/modules/AsyncShutdown.sys.mjs:458:15
setupShutdown@resource://gre/modules/osfile/osfile_async_front.jsm:1548:28
@resource://gre/modules/osfile/osfile_async_front.jsm:1568:16
@resource://gre/modules/osfile.jsm:12:30
@resource://gre/modules/TelemetryStorage.sys.mjs:10:28
_checkPendingPings@resource://gre/modules/TelemetrySend.sys.mjs:859:17
setup@resource://gre/modules/TelemetrySend.sys.mjs:799:18
setup@resource://gre/modules/TelemetrySend.sys.mjs:237:30
setupTelemetry/this._delayedInitTask<@resource://gre/modules/TelemetryControllerParent.sys.mjs:824:36
observe@resource://gre/modules/AsyncShutdown.sys.mjs:576:16

console.error: "TelemetryScheduler.shutdown - Already shut down"
WARNING: A blocker encountered an error while we were waiting.
          Blocker:  Waiting for ping task
          Phase: TelemetryController: Waiting for pending ping activity
          State: (none)
WARNING: Error: Phase "profile-before-change" is finished, it is too late to register completion condition "OS.File: flush I/O queued before profileBeforeChange"
WARNING: addBlocker@resource://gre/modules/AsyncShutdown.sys.mjs:727:15
addBlocker@resource://gre/modules/AsyncShutdown.sys.mjs:523:26
addBlocker@resource://gre/modules/AsyncShutdown.sys.mjs:458:15
setupShutdown@resource://gre/modules/osfile/osfile_async_front.jsm:1548:28
@resource://gre/modules/osfile/osfile_async_front.jsm:1568:16
@resource://gre/modules/osfile.jsm:12:30
@resource://gre/modules/TelemetryStorage.sys.mjs:10:28
_checkPendingPings@resource://gre/modules/TelemetrySend.sys.mjs:859:17
setup@resource://gre/modules/TelemetrySend.sys.mjs:799:18
setup@resource://gre/modules/TelemetrySend.sys.mjs:237:30
setupTelemetry/this._delayedInitTask<@resource://gre/modules/TelemetryControllerParent.sys.mjs:824:36
observe@resource://gre/modules/AsyncShutdown.sys.mjs:576:16

WARNING: A blocker encountered an error while we were waiting.
          Blocker:  Waiting for ping task
          Phase: TelemetryController: Waiting for pending ping activity
          State: (none)
WARNING: Error: Phase "profile-before-change" is finished, it is too late to register completion condition "OS.File: flush I/O queued before profileBeforeChange"
WARNING: addBlocker@resource://gre/modules/AsyncShutdown.sys.mjs:727:15
addBlocker@resource://gre/modules/AsyncShutdown.sys.mjs:523:26
addBlocker@resource://gre/modules/AsyncShutdown.sys.mjs:458:15
setupShutdown@resource://gre/modules/osfile/osfile_async_front.jsm:1548:28
@resource://gre/modules/osfile/osfile_async_front.jsm:1568:16
@resource://gre/modules/osfile.jsm:12:30
@resource://gre/modules/TelemetryStorage.sys.mjs:10:28
_checkPendingPings@resource://gre/modules/TelemetrySend.sys.mjs:859:17
setup@resource://gre/modules/TelemetrySend.sys.mjs:799:18
setup@resource://gre/modules/TelemetrySend.sys.mjs:237:30
setupTelemetry/this._delayedInitTask<@resource://gre/modules/TelemetryControllerParent.sys.mjs:824:36
observe@resource://gre/modules/AsyncShutdown.sys.mjs:576:16

WARNING: A blocker encountered an error while we were waiting.
          Blocker:  TelemetryController: shutting down
          Phase: profile-before-change-telemetry
          State: Error getting state: Error: Phase "profile-before-change" is finished, it is too late to register completion condition "OS.File: flush I/O queued before profileBeforeChange" at addBlocker@resource://gre/modules/AsyncShutdown.sys.mjs:727:15
addBlocker@resource://gre/modules/AsyncShutdown.sys.mjs:523:26
addBlocker@resource://gre/modules/AsyncShutdown.sys.mjs:458:15
setupShutdown@resource://gre/modules/osfile/osfile_async_front.jsm:1548:28
@resource://gre/modules/osfile/osfile_async_front.jsm:1568:16
@resource://gre/modules/osfile.jsm:12:30
@resource://gre/modules/TelemetryStorage.sys.mjs:10:28
_checkPendingPings@resource://gre/modules/TelemetrySend.sys.mjs:859:17
setup@resource://gre/modules/TelemetrySend.sys.mjs:799:18
setup@resource://gre/modules/TelemetrySend.sys.mjs:237:30
setupTelemetry/this._delayedInitTask<@resource://gre/modules/TelemetryControllerParent.sys.mjs:824:36
observe@resource://gre/modules/AsyncShutdown.sys.mjs:576:16

WARNING: Error: Phase "profile-before-change" is finished, it is too late to register completion condition "OS.File: flush I/O queued before profileBeforeChange"
WARNING: addBlocker@resource://gre/modules/AsyncShutdown.sys.mjs:727:15
addBlocker@resource://gre/modules/AsyncShutdown.sys.mjs:523:26
addBlocker@resource://gre/modules/AsyncShutdown.sys.mjs:458:15
setupShutdown@resource://gre/modules/osfile/osfile_async_front.jsm:1548:28
@resource://gre/modules/osfile/osfile_async_front.jsm:1568:16
@resource://gre/modules/osfile.jsm:12:30
@resource://gre/modules/TelemetryStorage.sys.mjs:10:28
_checkPendingPings@resource://gre/modules/TelemetrySend.sys.mjs:859:17
setup@resource://gre/modules/TelemetrySend.sys.mjs:799:18
setup@resource://gre/modules/TelemetrySend.sys.mjs:237:30
setupTelemetry/this._delayedInitTask<@resource://gre/modules/TelemetryControllerParent.sys.mjs:824:36
observe@resource://gre/modules/AsyncShutdown.sys.mjs:576:16

JavaScript error: resource://gre/modules/AsyncShutdown.sys.mjs, line 727: Error: Phase "profile-before-change" is finished, it is too late to register completion condition "OS.File: flush I/O queued before profileBeforeChange"
JavaScript error: resource://gre/modules/AsyncShutdown.sys.mjs, line 727: Error: Phase "profile-before-change" is finished, it is too late to register completion condition "OS.File: flush I/O queued before profileBeforeChange"
JavaScript error: resource://gre/modules/AsyncShutdown.sys.mjs, line 727: Error: Phase "profile-before-change" is finished, it is too late to register completion condition "OS.File: flush I/O queued before profileBeforeChange"
JavaScript error: resource://gre/modules/AsyncShutdown.sys.mjs, line 727: Error: Phase "profile-before-change" is finished, it is too late to register completion condition "OS.File: flush I/O queued before profileBeforeChange"
JavaScript error: resource://gre/modules/AsyncShutdown.sys.mjs, line 727: Error: Phase "profile-before-change" is finished, it is too late to register completion condition "OS.File: flush I/O queued before profileBeforeChange"
JavaScript error: resource://gre/modules/AsyncShutdown.sys.mjs, line 727: Error: Phase "profile-before-change" is finished, it is too late to register completion condition "OS.File: flush I/O queued before profileBeforeChange"
1685537657099	geckodriver	INFO	Listening on 127.0.0.1:22180
1685537657149	mozrunner::runner	INFO	Running command: "C:\\Program Files\\Mozilla Firefox\\firefox.exe" "--marionette" "--remote-debugging-port" "18488" "--remote ... /localhost:18488/,http://[::1]:18488/" "-no-remote" "-profile" "C:\\Users\\USER\\AppData\\Local\\Temp\\rust_mozprofilemkrSwk"
console.warn: services.settings: Ignoring preference override of remote settings server
console.warn: services.settings: Allow by setting MOZ_REMOTE_SETTINGS_DEVTOOLS=1 in the environment
1685537657392	Marionette	INFO	Marionette enabled
Dynamically enable window occlusion 0
1685537657395	Marionette	INFO	Listening on port 52733
WebDriver BiDi listening on ws://127.0.0.1:18488
Read port: 52733
1685537657603	RemoteAgent	WARN	TLS certificate errors will be ignored for this session
[ERROR glean_core] Error setting metrics feature config: Json(Error("EOF while parsing a value", line: 1, column: 0))
DevTools listening on ws://127.0.0.1:18488/devtools/browser/fd6d35c5-7d93-48e6-8800-af95a98b60e7
console.warn: LoginRecipes: "Falling back to a synchronous message for: https://parabank.parasoft.com."
console.warn: LoginRecipes: "Falling back to a synchronous message for: https://parabank.parasoft.com."
console.warn: LoginRecipes: "Falling back to a synchronous message for: https://parabank.parasoft.com."
]]></system-err>
  </testcase>
  <testcase name="openCheckingAccounts" classname="tests.NewAccountTests" time="3.453">
    <system-out><![CDATA[1
2023-05-31 14:53:21 DEBUG base.DriverFactory.unload(DriverFactory.java:32):32 - remove the driver from ThreadLocal variable
2023-05-31 14:53:21 INFO  base.SetupDriver.tear_down(SetupDriver.java:71):71 - end session
2023-05-31 14:53:22 DEBUG base.DriverFactory.setDriver(DriverFactory.java:27):27 - save the driver to ThreadLocal variable
2023-05-31 14:53:22 INFO  base.SetupDriver.setup(SetupDriver.java:45):45 - chrome driver setup
2023-05-31 14:53:23 INFO  pageobjects.HomePage.navigateToPage(HomePage.java:43):43 - Navigate to homepage
2023-05-31 14:53:23 INFO  pageobjects.LogInForm.typeUserName(LogInForm.java:36):36 - type user name
2023-05-31 14:53:23 INFO  pageobjects.LogInForm.typePassword(LogInForm.java:43):43 - type password
2023-05-31 14:53:25 INFO  pageobjects.LogInForm.clickLogin(LogInForm.java:50):50 - click on login btn
2023-05-31 14:53:25 INFO  pageobjects.AccountServiceLinks.clcikNewAccounts(AccountServiceLinks.java:37):37 - click on new accounts link
2023-05-31 14:53:25 INFO  pageobjects.OpenNewAccountPage.navigateToPage(OpenNewAccountPage.java:42):42 - navigate to home page then sign in then click new accounts 
2023-05-31 14:53:25 INFO  pageobjects.OpenNewAccountPage.clickOpenAccountBtn(OpenNewAccountPage.java:49):49 - click on open new account btn
]]></system-out>
    <system-err><![CDATA[[1685537589.298][WARNING]: Timed out connecting to Chrome, retrying...
[1685537597.366][WARNING]: Timed out connecting to Chrome, retrying...
Starting ChromeDriver 113.0.5672.63 (0e1a4471d5ae5bf128b1bd8f4d627c8cbd55f70c-refs/branch-heads/5672@{#912}) on port 23289
Only local connections are allowed.
Please see https://chromedriver.chromium.org/security-considerations for suggestions on keeping ChromeDriver safe.
ChromeDriver was started successfully.
May 31, 2023 2:53:22 PM org.openqa.selenium.devtools.CdpVersionFinder findNearestMatch
WARNING: Unable to find an exact match for CDP version 113, so returning the closest version found: 110
]]></system-err>
  </testcase>
  <testcase name="openCheckingAccounts" classname="tests.NewAccountTests" time="4.304">
    <system-out><![CDATA[2023-05-31 14:54:24 TRACE io.netty.handler.codec.http.websocketx.WebSocket08FrameDecoder.decode(WebSocket08FrameDecoder.java:183):183 - Decoding WebSocket Frame opCode=8
2023-05-31 14:54:24 TRACE io.netty.handler.codec.http.websocketx.WebSocket08FrameDecoder.decode(WebSocket08FrameDecoder.java:294):294 - Decoding WebSocket Frame length=0
1
2023-05-31 14:54:25 DEBUG base.DriverFactory.unload(DriverFactory.java:32):32 - remove the driver from ThreadLocal variable
2023-05-31 14:54:25 INFO  base.SetupDriver.tear_down(SetupDriver.java:71):71 - end session
2023-05-31 14:54:27 DEBUG base.DriverFactory.setDriver(DriverFactory.java:27):27 - save the driver to ThreadLocal variable
2023-05-31 14:54:27 INFO  base.SetupDriver.setup(SetupDriver.java:52):52 - fire fox driver setup
2023-05-31 14:54:29 INFO  pageobjects.HomePage.navigateToPage(HomePage.java:43):43 - Navigate to homepage
2023-05-31 14:54:29 INFO  pageobjects.LogInForm.typeUserName(LogInForm.java:36):36 - type user name
2023-05-31 14:54:29 INFO  pageobjects.LogInForm.typePassword(LogInForm.java:43):43 - type password
2023-05-31 14:54:30 INFO  pageobjects.LogInForm.clickLogin(LogInForm.java:50):50 - click on login btn
2023-05-31 14:54:31 INFO  pageobjects.AccountServiceLinks.clcikNewAccounts(AccountServiceLinks.java:37):37 - click on new accounts link
2023-05-31 14:54:31 INFO  pageobjects.OpenNewAccountPage.navigateToPage(OpenNewAccountPage.java:42):42 - navigate to home page then sign in then click new accounts 
2023-05-31 14:54:31 INFO  pageobjects.OpenNewAccountPage.clickOpenAccountBtn(OpenNewAccountPage.java:49):49 - click on open new account btn
]]></system-out>
    <system-err><![CDATA[1685537664749	RemoteAgent	INFO	Perform WebSocket upgrade for incoming connection from 127.0.0.1:52759
1685537664750	CDP	WARN	Invalid browser preferences for CDP. Set "fission.webContentIsolationStrategy"to 0 and "fission.bfcacheInParent" to false before Firefox starts.
1685537664752	Marionette	INFO	Stopped listening on port 52733
[Child 23840, Main Thread] WARNING: JSWindowActorChild::SendRawMessage (Conduits, ConduitClosed) not sent: !CanSend() || !mManager || !mManager->CanSend(): file /builds/worker/checkouts/gecko/dom/ipc/jsactor/JSWindowActorChild.cpp:57
[Child 23840, Main Thread] WARNING: JSWindowActorChild::SendRawMessage (Conduits, ConduitClosed) not sent: !CanSend() || !mManager || !mManager->CanSend(): file /builds/worker/checkouts/gecko/dom/ipc/jsactor/JSWindowActorChild.cpp:57
[Child 23840, Main Thread] WARNING: JSWindowActorChild::SendRawMessage (Conduits, ConduitClosed) not sent: !CanSend() || !mManager || !mManager->CanSend(): file /builds/worker/checkouts/gecko/dom/ipc/jsactor/JSWindowActorChild.cpp:57
[Child 23840, Main Thread] WARNING: JSWindowActorChild::SendRawMessage (Conduits, ConduitClosed) not sent: !CanSend() || !mManager || !mManager->CanSend(): file /builds/worker/checkouts/gecko/dom/ipc/jsactor/JSWindowActorChild.cpp:57
[Child 23840, Main Thread] WARNING: JSWindowActorChild::SendRawMessage (Conduits, ConduitClosed) not sent: !CanSend() || !mManager || !mManager->CanSend(): file /builds/worker/checkouts/gecko/dom/ipc/jsactor/JSWindowActorChild.cpp:57
[Child 23840, Main Thread] WARNING: JSWindowActorChild::SendRawMessage (Conduits, ConduitClosed) not sent: !CanSend() || !mManager || !mManager->CanSend(): file /builds/worker/checkouts/gecko/dom/ipc/jsactor/JSWindowActorChild.cpp:57
[Child 23840, Main Thread] WARNING: JSWindowActorChild::SendRawMessage (Conduits, ConduitClosed) not sent: !CanSend() || !mManager || !mManager->CanSend(): file /builds/worker/checkouts/gecko/dom/ipc/jsactor/JSWindowActorChild.cpp:57
[Child 23840, Main Thread] WARNING: JSWindowActorChild::SendRawMessage (Conduits, ConduitClosed) not sent: !CanSend() || !mManager || !mManager->CanSend(): file /builds/worker/checkouts/gecko/dom/ipc/jsactor/JSWindowActorChild.cpp:57
Dynamically enable window occlusion 1
WARNING: A blocker encountered an error while we were waiting.
          Blocker:  Waiting for ping task
          Phase: TelemetryController: Waiting for pending ping activity
          State: (none)
WARNING: Error: Phase "profile-before-change" is finished, it is too late to register completion condition "OS.File: flush I/O queued before profileBeforeChange"
WARNING: addBlocker@resource://gre/modules/AsyncShutdown.sys.mjs:727:15
addBlocker@resource://gre/modules/AsyncShutdown.sys.mjs:523:26
addBlocker@resource://gre/modules/AsyncShutdown.sys.mjs:458:15
setupShutdown@resource://gre/modules/osfile/osfile_async_front.jsm:1548:28
@resource://gre/modules/osfile/osfile_async_front.jsm:1568:16
@resource://gre/modules/osfile.jsm:12:30
@resource://gre/modules/TelemetryStorage.sys.mjs:10:28
_checkPendingPings@resource://gre/modules/TelemetrySend.sys.mjs:859:17
setup@resource://gre/modules/TelemetrySend.sys.mjs:799:18
setup@resource://gre/modules/TelemetrySend.sys.mjs:237:30
setupTelemetry/this._delayedInitTask<@resource://gre/modules/TelemetryControllerParent.sys.mjs:824:36
observe@resource://gre/modules/AsyncShutdown.sys.mjs:576:16

console.error: "TelemetryScheduler.shutdown - Already shut down"
WARNING: A blocker encountered an error while we were waiting.
          Blocker:  Waiting for ping task
          Phase: TelemetryController: Waiting for pending ping activity
          State: (none)
WARNING: Error: Phase "profile-before-change" is finished, it is too late to register completion condition "OS.File: flush I/O queued before profileBeforeChange"
WARNING: addBlocker@resource://gre/modules/AsyncShutdown.sys.mjs:727:15
addBlocker@resource://gre/modules/AsyncShutdown.sys.mjs:523:26
addBlocker@resource://gre/modules/AsyncShutdown.sys.mjs:458:15
setupShutdown@resource://gre/modules/osfile/osfile_async_front.jsm:1548:28
@resource://gre/modules/osfile/osfile_async_front.jsm:1568:16
@resource://gre/modules/osfile.jsm:12:30
@resource://gre/modules/TelemetryStorage.sys.mjs:10:28
_checkPendingPings@resource://gre/modules/TelemetrySend.sys.mjs:859:17
setup@resource://gre/modules/TelemetrySend.sys.mjs:799:18
setup@resource://gre/modules/TelemetrySend.sys.mjs:237:30
setupTelemetry/this._delayedInitTask<@resource://gre/modules/TelemetryControllerParent.sys.mjs:824:36
observe@resource://gre/modules/AsyncShutdown.sys.mjs:576:16

WARNING: A blocker encountered an error while we were waiting.
          Blocker:  Waiting for ping task
          Phase: TelemetryController: Waiting for pending ping activity
          State: (none)
WARNING: Error: Phase "profile-before-change" is finished, it is too late to register completion condition "OS.File: flush I/O queued before profileBeforeChange"
WARNING: addBlocker@resource://gre/modules/AsyncShutdown.sys.mjs:727:15
addBlocker@resource://gre/modules/AsyncShutdown.sys.mjs:523:26
addBlocker@resource://gre/modules/AsyncShutdown.sys.mjs:458:15
setupShutdown@resource://gre/modules/osfile/osfile_async_front.jsm:1548:28
@resource://gre/modules/osfile/osfile_async_front.jsm:1568:16
@resource://gre/modules/osfile.jsm:12:30
@resource://gre/modules/TelemetryStorage.sys.mjs:10:28
_checkPendingPings@resource://gre/modules/TelemetrySend.sys.mjs:859:17
setup@resource://gre/modules/TelemetrySend.sys.mjs:799:18
setup@resource://gre/modules/TelemetrySend.sys.mjs:237:30
setupTelemetry/this._delayedInitTask<@resource://gre/modules/TelemetryControllerParent.sys.mjs:824:36
observe@resource://gre/modules/AsyncShutdown.sys.mjs:576:16

WARNING: A blocker encountered an error while we were waiting.
          Blocker:  TelemetryController: shutting down
          Phase: profile-before-change-telemetry
          State: Error getting state: Error: Phase "profile-before-change" is finished, it is too late to register completion condition "OS.File: flush I/O queued before profileBeforeChange" at addBlocker@resource://gre/modules/AsyncShutdown.sys.mjs:727:15
addBlocker@resource://gre/modules/AsyncShutdown.sys.mjs:523:26
addBlocker@resource://gre/modules/AsyncShutdown.sys.mjs:458:15
setupShutdown@resource://gre/modules/osfile/osfile_async_front.jsm:1548:28
@resource://gre/modules/osfile/osfile_async_front.jsm:1568:16
@resource://gre/modules/osfile.jsm:12:30
@resource://gre/modules/TelemetryStorage.sys.mjs:10:28
_checkPendingPings@resource://gre/modules/TelemetrySend.sys.mjs:859:17
setup@resource://gre/modules/TelemetrySend.sys.mjs:799:18
setup@resource://gre/modules/TelemetrySend.sys.mjs:237:30
setupTelemetry/this._delayedInitTask<@resource://gre/modules/TelemetryControllerParent.sys.mjs:824:36
observe@resource://gre/modules/AsyncShutdown.sys.mjs:576:16

WARNING: Error: Phase "profile-before-change" is finished, it is too late to register completion condition "OS.File: flush I/O queued before profileBeforeChange"
WARNING: addBlocker@resource://gre/modules/AsyncShutdown.sys.mjs:727:15
addBlocker@resource://gre/modules/AsyncShutdown.sys.mjs:523:26
addBlocker@resource://gre/modules/AsyncShutdown.sys.mjs:458:15
setupShutdown@resource://gre/modules/osfile/osfile_async_front.jsm:1548:28
@resource://gre/modules/osfile/osfile_async_front.jsm:1568:16
@resource://gre/modules/osfile.jsm:12:30
@resource://gre/modules/TelemetryStorage.sys.mjs:10:28
_checkPendingPings@resource://gre/modules/TelemetrySend.sys.mjs:859:17
setup@resource://gre/modules/TelemetrySend.sys.mjs:799:18
setup@resource://gre/modules/TelemetrySend.sys.mjs:237:30
setupTelemetry/this._delayedInitTask<@resource://gre/modules/TelemetryControllerParent.sys.mjs:824:36
observe@resource://gre/modules/AsyncShutdown.sys.mjs:576:16

JavaScript error: resource://gre/modules/AsyncShutdown.sys.mjs, line 727: Error: Phase "profile-before-change" is finished, it is too late to register completion condition "OS.File: flush I/O queued before profileBeforeChange"
JavaScript error: resource://gre/modules/AsyncShutdown.sys.mjs, line 727: Error: Phase "profile-before-change" is finished, it is too late to register completion condition "OS.File: flush I/O queued before profileBeforeChange"
JavaScript error: resource://gre/modules/AsyncShutdown.sys.mjs, line 727: Error: Phase "profile-before-change" is finished, it is too late to register completion condition "OS.File: flush I/O queued before profileBeforeChange"
JavaScript error: resource://gre/modules/AsyncShutdown.sys.mjs, line 727: Error: Phase "profile-before-change" is finished, it is too late to register completion condition "OS.File: flush I/O queued before profileBeforeChange"
JavaScript error: resource://gre/modules/AsyncShutdown.sys.mjs, line 727: Error: Phase "profile-before-change" is finished, it is too late to register completion condition "OS.File: flush I/O queued before profileBeforeChange"
JavaScript error: resource://gre/modules/AsyncShutdown.sys.mjs, line 727: Error: Phase "profile-before-change" is finished, it is too late to register completion condition "OS.File: flush I/O queued before profileBeforeChange"
1685537665268	geckodriver	INFO	Listening on 127.0.0.1:35639
1685537665306	mozrunner::runner	INFO	Running command: "C:\\Program Files\\Mozilla Firefox\\firefox.exe" "--marionette" "--remote-debugging-port" "22547" "--remote ... /localhost:22547/,http://[::1]:22547/" "-no-remote" "-profile" "C:\\Users\\USER\\AppData\\Local\\Temp\\rust_mozprofile0XVp9i"
console.warn: services.settings: Ignoring preference override of remote settings server
console.warn: services.settings: Allow by setting MOZ_REMOTE_SETTINGS_DEVTOOLS=1 in the environment
1685537665547	Marionette	INFO	Marionette enabled
Dynamically enable window occlusion 0
1685537665550	Marionette	INFO	Listening on port 52764
WebDriver BiDi listening on ws://127.0.0.1:22547
Read port: 52764
1685537665755	RemoteAgent	WARN	TLS certificate errors will be ignored for this session
[ERROR glean_core] Error setting metrics feature config: Json(Error("EOF while parsing a value", line: 1, column: 0))
DevTools listening on ws://127.0.0.1:22547/devtools/browser/33f1f261-b51e-4e63-9f5e-503aa70dda9c
console.warn: LoginRecipes: "Falling back to a synchronous message for: https://parabank.parasoft.com."
console.warn: LoginRecipes: "Falling back to a synchronous message for: https://parabank.parasoft.com."
]]></system-err>
  </testcase>
  <testcase name="openSavingAccounts" classname="tests.NewAccountTests" time="4.313">
    <system-out><![CDATA[1
2023-05-31 14:53:41 DEBUG base.DriverFactory.unload(DriverFactory.java:32):32 - remove the driver from ThreadLocal variable
2023-05-31 14:53:41 INFO  base.SetupDriver.tear_down(SetupDriver.java:71):71 - end session
2023-05-31 14:53:42 DEBUG base.DriverFactory.setDriver(DriverFactory.java:27):27 - save the driver to ThreadLocal variable
2023-05-31 14:53:42 INFO  base.SetupDriver.setup(SetupDriver.java:45):45 - chrome driver setup
2023-05-31 14:53:45 INFO  pageobjects.HomePage.navigateToPage(HomePage.java:43):43 - Navigate to homepage
2023-05-31 14:53:45 INFO  pageobjects.LogInForm.typeUserName(LogInForm.java:36):36 - type user name
2023-05-31 14:53:45 INFO  pageobjects.LogInForm.typePassword(LogInForm.java:43):43 - type password
2023-05-31 14:53:46 INFO  pageobjects.LogInForm.clickLogin(LogInForm.java:50):50 - click on login btn
2023-05-31 14:53:46 INFO  pageobjects.AccountServiceLinks.clcikNewAccounts(AccountServiceLinks.java:37):37 - click on new accounts link
2023-05-31 14:53:46 INFO  pageobjects.OpenNewAccountPage.navigateToPage(OpenNewAccountPage.java:42):42 - navigate to home page then sign in then click new accounts 
2023-05-31 14:53:46 INFO  pageobjects.OpenNewAccountPage.clickOpenAccountBtn(OpenNewAccountPage.java:49):49 - click on open new account btn
]]></system-out>
    <system-err><![CDATA[[1685537609.643][WARNING]: Timed out connecting to Chrome, retrying...
[1685537617.746][WARNING]: Timed out connecting to Chrome, retrying...
Starting ChromeDriver 113.0.5672.63 (0e1a4471d5ae5bf128b1bd8f4d627c8cbd55f70c-refs/branch-heads/5672@{#912}) on port 19125
Only local connections are allowed.
Please see https://chromedriver.chromium.org/security-considerations for suggestions on keeping ChromeDriver safe.
ChromeDriver was started successfully.
May 31, 2023 2:53:42 PM org.openqa.selenium.devtools.CdpVersionFinder findNearestMatch
WARNING: Unable to find an exact match for CDP version 113, so returning the closest version found: 110
]]></system-err>
  </testcase>
  <testcase name="openSavingAccounts" classname="tests.NewAccountTests" time="5.672">
    <system-out><![CDATA[2023-05-31 14:54:31 TRACE io.netty.handler.codec.http.websocketx.WebSocket08FrameDecoder.decode(WebSocket08FrameDecoder.java:183):183 - Decoding WebSocket Frame opCode=8
2023-05-31 14:54:31 TRACE io.netty.handler.codec.http.websocketx.WebSocket08FrameDecoder.decode(WebSocket08FrameDecoder.java:294):294 - Decoding WebSocket Frame length=0
1
2023-05-31 14:54:31 DEBUG base.DriverFactory.unload(DriverFactory.java:32):32 - remove the driver from ThreadLocal variable
2023-05-31 14:54:31 INFO  base.SetupDriver.tear_down(SetupDriver.java:71):71 - end session
2023-05-31 14:54:33 DEBUG base.DriverFactory.setDriver(DriverFactory.java:27):27 - save the driver to ThreadLocal variable
2023-05-31 14:54:33 INFO  base.SetupDriver.setup(SetupDriver.java:52):52 - fire fox driver setup
2023-05-31 14:54:36 INFO  pageobjects.HomePage.navigateToPage(HomePage.java:43):43 - Navigate to homepage
2023-05-31 14:54:36 INFO  pageobjects.LogInForm.typeUserName(LogInForm.java:36):36 - type user name
2023-05-31 14:54:36 INFO  pageobjects.LogInForm.typePassword(LogInForm.java:43):43 - type password
2023-05-31 14:54:38 INFO  pageobjects.LogInForm.clickLogin(LogInForm.java:50):50 - click on login btn
2023-05-31 14:54:38 INFO  pageobjects.AccountServiceLinks.clcikNewAccounts(AccountServiceLinks.java:37):37 - click on new accounts link
2023-05-31 14:54:38 INFO  pageobjects.OpenNewAccountPage.navigateToPage(OpenNewAccountPage.java:42):42 - navigate to home page then sign in then click new accounts 
2023-05-31 14:54:39 INFO  pageobjects.OpenNewAccountPage.clickOpenAccountBtn(OpenNewAccountPage.java:49):49 - click on open new account btn
]]></system-out>
    <system-err><![CDATA[1685537671321	RemoteAgent	INFO	Perform WebSocket upgrade for incoming connection from 127.0.0.1:52785
1685537671322	CDP	WARN	Invalid browser preferences for CDP. Set "fission.webContentIsolationStrategy"to 0 and "fission.bfcacheInParent" to false before Firefox starts.
1685537671324	Marionette	INFO	Stopped listening on port 52764
[Child 10980, Main Thread] WARNING: JSWindowActorChild::SendRawMessage (Conduits, ConduitClosed) not sent: !CanSend() || !mManager || !mManager->CanSend(): file /builds/worker/checkouts/gecko/dom/ipc/jsactor/JSWindowActorChild.cpp:57
[Child 10980, Main Thread] WARNING: JSWindowActorChild::SendRawMessage (Conduits, ConduitClosed) not sent: !CanSend() || !mManager || !mManager->CanSend(): file /builds/worker/checkouts/gecko/dom/ipc/jsactor/JSWindowActorChild.cpp:57
[Child 10980, Main Thread] WARNING: JSWindowActorChild::SendRawMessage (Conduits, ConduitClosed) not sent: !CanSend() || !mManager || !mManager->CanSend(): file /builds/worker/checkouts/gecko/dom/ipc/jsactor/JSWindowActorChild.cpp:57
[Child 10980, Main Thread] WARNING: JSWindowActorChild::SendRawMessage (Conduits, ConduitClosed) not sent: !CanSend() || !mManager || !mManager->CanSend(): file /builds/worker/checkouts/gecko/dom/ipc/jsactor/JSWindowActorChild.cpp:57
[Child 10980, Main Thread] WARNING: JSWindowActorChild::SendRawMessage (Conduits, ConduitClosed) not sent: !CanSend() || !mManager || !mManager->CanSend(): file /builds/worker/checkouts/gecko/dom/ipc/jsactor/JSWindowActorChild.cpp:57
[Child 10980, Main Thread] WARNING: JSWindowActorChild::SendRawMessage (Conduits, ConduitClosed) not sent: !CanSend() || !mManager || !mManager->CanSend(): file /builds/worker/checkouts/gecko/dom/ipc/jsactor/JSWindowActorChild.cpp:57
[Child 10980, Main Thread] WARNING: JSWindowActorChild::SendRawMessage (Conduits, ConduitClosed) not sent: !CanSend() || !mManager || !mManager->CanSend(): file /builds/worker/checkouts/gecko/dom/ipc/jsactor/JSWindowActorChild.cpp:57
[Child 10980, Main Thread] WARNING: JSWindowActorChild::SendRawMessage (Conduits, ConduitClosed) not sent: !CanSend() || !mManager || !mManager->CanSend(): file /builds/worker/checkouts/gecko/dom/ipc/jsactor/JSWindowActorChild.cpp:57
Dynamically enable window occlusion 1
[Parent 25220, IPC I/O Parent] WARNING: DuplicateHandle failed for handle 0 in TransferHandles: file /builds/worker/checkouts/gecko/ipc/chromium/src/chrome/common/ipc_channel_win.cc:787
WARNING: A blocker encountered an error while we were waiting.
          Blocker:  Waiting for ping task
          Phase: TelemetryController: Waiting for pending ping activity
          State: (none)
WARNING: Error: Phase "profile-before-change" is finished, it is too late to register completion condition "OS.File: flush I/O queued before profileBeforeChange"
WARNING: addBlocker@resource://gre/modules/AsyncShutdown.sys.mjs:727:15
addBlocker@resource://gre/modules/AsyncShutdown.sys.mjs:523:26
addBlocker@resource://gre/modules/AsyncShutdown.sys.mjs:458:15
setupShutdown@resource://gre/modules/osfile/osfile_async_front.jsm:1548:28
@resource://gre/modules/osfile/osfile_async_front.jsm:1568:16
@resource://gre/modules/osfile.jsm:12:30
@resource://gre/modules/TelemetryStorage.sys.mjs:10:28
_checkPendingPings@resource://gre/modules/TelemetrySend.sys.mjs:859:17
setup@resource://gre/modules/TelemetrySend.sys.mjs:799:18
setup@resource://gre/modules/TelemetrySend.sys.mjs:237:30
setupTelemetry/this._delayedInitTask<@resource://gre/modules/TelemetryControllerParent.sys.mjs:824:36
observe@resource://gre/modules/AsyncShutdown.sys.mjs:576:16

console.error: "TelemetryScheduler.shutdown - Already shut down"
WARNING: A blocker encountered an error while we were waiting.
          Blocker:  Waiting for ping task
          Phase: TelemetryController: Waiting for pending ping activity
          State: (none)
WARNING: Error: Phase "profile-before-change" is finished, it is too late to register completion condition "OS.File: flush I/O queued before profileBeforeChange"
WARNING: addBlocker@resource://gre/modules/AsyncShutdown.sys.mjs:727:15
addBlocker@resource://gre/modules/AsyncShutdown.sys.mjs:523:26
addBlocker@resource://gre/modules/AsyncShutdown.sys.mjs:458:15
setupShutdown@resource://gre/modules/osfile/osfile_async_front.jsm:1548:28
@resource://gre/modules/osfile/osfile_async_front.jsm:1568:16
@resource://gre/modules/osfile.jsm:12:30
@resource://gre/modules/TelemetryStorage.sys.mjs:10:28
_checkPendingPings@resource://gre/modules/TelemetrySend.sys.mjs:859:17
setup@resource://gre/modules/TelemetrySend.sys.mjs:799:18
setup@resource://gre/modules/TelemetrySend.sys.mjs:237:30
setupTelemetry/this._delayedInitTask<@resource://gre/modules/TelemetryControllerParent.sys.mjs:824:36
observe@resource://gre/modules/AsyncShutdown.sys.mjs:576:16

WARNING: A blocker encountered an error while we were waiting.
          Blocker:  Waiting for ping task
          Phase: TelemetryController: Waiting for pending ping activity
          State: (none)
WARNING: Error: Phase "profile-before-change" is finished, it is too late to register completion condition "OS.File: flush I/O queued before profileBeforeChange"
WARNING: addBlocker@resource://gre/modules/AsyncShutdown.sys.mjs:727:15
addBlocker@resource://gre/modules/AsyncShutdown.sys.mjs:523:26
addBlocker@resource://gre/modules/AsyncShutdown.sys.mjs:458:15
setupShutdown@resource://gre/modules/osfile/osfile_async_front.jsm:1548:28
@resource://gre/modules/osfile/osfile_async_front.jsm:1568:16
@resource://gre/modules/osfile.jsm:12:30
@resource://gre/modules/TelemetryStorage.sys.mjs:10:28
_checkPendingPings@resource://gre/modules/TelemetrySend.sys.mjs:859:17
setup@resource://gre/modules/TelemetrySend.sys.mjs:799:18
setup@resource://gre/modules/TelemetrySend.sys.mjs:237:30
setupTelemetry/this._delayedInitTask<@resource://gre/modules/TelemetryControllerParent.sys.mjs:824:36
observe@resource://gre/modules/AsyncShutdown.sys.mjs:576:16

WARNING: A blocker encountered an error while we were waiting.
          Blocker:  TelemetryController: shutting down
          Phase: profile-before-change-telemetry
          State: Error getting state: Error: Phase "profile-before-change" is finished, it is too late to register completion condition "OS.File: flush I/O queued before profileBeforeChange" at addBlocker@resource://gre/modules/AsyncShutdown.sys.mjs:727:15
addBlocker@resource://gre/modules/AsyncShutdown.sys.mjs:523:26
addBlocker@resource://gre/modules/AsyncShutdown.sys.mjs:458:15
setupShutdown@resource://gre/modules/osfile/osfile_async_front.jsm:1548:28
@resource://gre/modules/osfile/osfile_async_front.jsm:1568:16
@resource://gre/modules/osfile.jsm:12:30
@resource://gre/modules/TelemetryStorage.sys.mjs:10:28
_checkPendingPings@resource://gre/modules/TelemetrySend.sys.mjs:859:17
setup@resource://gre/modules/TelemetrySend.sys.mjs:799:18
setup@resource://gre/modules/TelemetrySend.sys.mjs:237:30
setupTelemetry/this._delayedInitTask<@resource://gre/modules/TelemetryControllerParent.sys.mjs:824:36
observe@resource://gre/modules/AsyncShutdown.sys.mjs:576:16

WARNING: Error: Phase "profile-before-change" is finished, it is too late to register completion condition "OS.File: flush I/O queued before profileBeforeChange"
WARNING: addBlocker@resource://gre/modules/AsyncShutdown.sys.mjs:727:15
addBlocker@resource://gre/modules/AsyncShutdown.sys.mjs:523:26
addBlocker@resource://gre/modules/AsyncShutdown.sys.mjs:458:15
setupShutdown@resource://gre/modules/osfile/osfile_async_front.jsm:1548:28
@resource://gre/modules/osfile/osfile_async_front.jsm:1568:16
@resource://gre/modules/osfile.jsm:12:30
@resource://gre/modules/TelemetryStorage.sys.mjs:10:28
_checkPendingPings@resource://gre/modules/TelemetrySend.sys.mjs:859:17
setup@resource://gre/modules/TelemetrySend.sys.mjs:799:18
setup@resource://gre/modules/TelemetrySend.sys.mjs:237:30
setupTelemetry/this._delayedInitTask<@resource://gre/modules/TelemetryControllerParent.sys.mjs:824:36
observe@resource://gre/modules/AsyncShutdown.sys.mjs:576:16

JavaScript error: resource://gre/modules/AsyncShutdown.sys.mjs, line 727: Error: Phase "profile-before-change" is finished, it is too late to register completion condition "OS.File: flush I/O queued before profileBeforeChange"
JavaScript error: resource://gre/modules/AsyncShutdown.sys.mjs, line 727: Error: Phase "profile-before-change" is finished, it is too late to register completion condition "OS.File: flush I/O queued before profileBeforeChange"
JavaScript error: resource://gre/modules/AsyncShutdown.sys.mjs, line 727: Error: Phase "profile-before-change" is finished, it is too late to register completion condition "OS.File: flush I/O queued before profileBeforeChange"
JavaScript error: resource://gre/modules/AsyncShutdown.sys.mjs, line 727: Error: Phase "profile-before-change" is finished, it is too late to register completion condition "OS.File: flush I/O queued before profileBeforeChange"
JavaScript error: resource://gre/modules/AsyncShutdown.sys.mjs, line 727: Error: Phase "profile-before-change" is finished, it is too late to register completion condition "OS.File: flush I/O queued before profileBeforeChange"
JavaScript error: resource://gre/modules/AsyncShutdown.sys.mjs, line 727: Error: Phase "profile-before-change" is finished, it is too late to register completion condition "OS.File: flush I/O queued before profileBeforeChange"
1685537671825	geckodriver	INFO	Listening on 127.0.0.1:9179
1685537671875	mozrunner::runner	INFO	Running command: "C:\\Program Files\\Mozilla Firefox\\firefox.exe" "--marionette" "--remote-debugging-port" "40105" "--remote ... /localhost:40105/,http://[::1]:40105/" "-no-remote" "-profile" "C:\\Users\\USER\\AppData\\Local\\Temp\\rust_mozprofileraeGH2"
console.warn: services.settings: Ignoring preference override of remote settings server
console.warn: services.settings: Allow by setting MOZ_REMOTE_SETTINGS_DEVTOOLS=1 in the environment
1685537672123	Marionette	INFO	Marionette enabled
Dynamically enable window occlusion 0
1685537672128	Marionette	INFO	Listening on port 52792
WebDriver BiDi listening on ws://127.0.0.1:40105
Read port: 52792
1685537672352	RemoteAgent	WARN	TLS certificate errors will be ignored for this session
[ERROR glean_core] Error setting metrics feature config: Json(Error("EOF while parsing a value", line: 1, column: 0))
DevTools listening on ws://127.0.0.1:40105/devtools/browser/3f67d173-09a9-463a-a23b-e29364b7d19d
console.warn: LoginRecipes: "Falling back to a synchronous message for: https://parabank.parasoft.com."
console.warn: LoginRecipes: "Falling back to a synchronous message for: https://parabank.parasoft.com."
]]></system-err>
  </testcase>
</testsuite>